{
	"/Users/ryan/git/lawn-cast/playwright.config.ts": {
		"path": "/Users/ryan/git/lawn-cast/playwright.config.ts",
		"all": true,
		"statementMap": {
			"0": {
				"start": { "line": 1, "column": 0 },
				"end": { "line": 1, "column": 57 }
			},
			"2": {
				"start": { "line": 3, "column": 0 },
				"end": { "line": 3, "column": 29 }
			},
			"3": {
				"start": { "line": 4, "column": 0 },
				"end": { "line": 4, "column": 18 }
			},
			"4": {
				"start": { "line": 5, "column": 0 },
				"end": { "line": 5, "column": 7 }
			},
			"5": {
				"start": { "line": 6, "column": 0 },
				"end": { "line": 6, "column": 26 }
			},
			"6": {
				"start": { "line": 7, "column": 0 },
				"end": { "line": 7, "column": 40 }
			},
			"7": {
				"start": { "line": 8, "column": 0 },
				"end": { "line": 8, "column": 17 }
			},
			"8": {
				"start": { "line": 9, "column": 0 },
				"end": { "line": 9, "column": 35 }
			},
			"9": {
				"start": { "line": 10, "column": 0 },
				"end": { "line": 10, "column": 3 }
			},
			"10": {
				"start": { "line": 11, "column": 0 },
				"end": { "line": 11, "column": 12 }
			},
			"11": {
				"start": { "line": 12, "column": 0 },
				"end": { "line": 12, "column": 3 }
			},
			"12": {
				"start": { "line": 13, "column": 0 },
				"end": { "line": 13, "column": 27 }
			},
			"13": {
				"start": { "line": 14, "column": 0 },
				"end": { "line": 14, "column": 34 }
			},
			"14": {
				"start": { "line": 15, "column": 0 },
				"end": { "line": 15, "column": 4 }
			},
			"15": {
				"start": { "line": 16, "column": 0 },
				"end": { "line": 16, "column": 3 }
			},
			"16": {
				"start": { "line": 17, "column": 0 },
				"end": { "line": 17, "column": 13 }
			},
			"17": {
				"start": { "line": 18, "column": 0 },
				"end": { "line": 18, "column": 40 }
			},
			"18": {
				"start": { "line": 19, "column": 0 },
				"end": { "line": 19, "column": 13 }
			},
			"19": {
				"start": { "line": 20, "column": 0 },
				"end": { "line": 20, "column": 39 }
			},
			"20": {
				"start": { "line": 21, "column": 0 },
				"end": { "line": 21, "column": 3 }
			},
			"21": {
				"start": { "line": 22, "column": 0 },
				"end": { "line": 22, "column": 3 }
			}
		},
		"s": {
			"0": 0,
			"2": 0,
			"3": 0,
			"4": 0,
			"5": 0,
			"6": 0,
			"7": 0,
			"8": 0,
			"9": 0,
			"10": 0,
			"11": 0,
			"12": 0,
			"13": 0,
			"14": 0,
			"15": 0,
			"16": 0,
			"17": 0,
			"18": 0,
			"19": 0,
			"20": 0,
			"21": 0
		},
		"branchMap": {
			"0": {
				"type": "branch",
				"line": 1,
				"loc": {
					"start": { "line": 1, "column": 447 },
					"end": { "line": 22, "column": 3 }
				},
				"locations": [
					{
						"start": { "line": 1, "column": 447 },
						"end": { "line": 22, "column": 3 }
					}
				]
			}
		},
		"b": { "0": [0] },
		"fnMap": {
			"0": {
				"name": "(empty-report)",
				"decl": {
					"start": { "line": 1, "column": 447 },
					"end": { "line": 22, "column": 3 }
				},
				"loc": {
					"start": { "line": 1, "column": 447 },
					"end": { "line": 22, "column": 3 }
				},
				"line": 1
			}
		},
		"f": { "0": 0 }
	},
	"/Users/ryan/git/lawn-cast/src/App.tsx": {
		"path": "/Users/ryan/git/lawn-cast/src/App.tsx",
		"all": false,
		"statementMap": {
			"0": {
				"start": { "line": 1, "column": 0 },
				"end": { "line": 1, "column": 8 }
			},
			"8": {
				"start": { "line": 9, "column": 0 },
				"end": { "line": 9, "column": 53 }
			},
			"9": {
				"start": { "line": 10, "column": 0 },
				"end": { "line": 10, "column": 71 }
			},
			"10": {
				"start": { "line": 11, "column": 0 },
				"end": { "line": 11, "column": 62 }
			},
			"11": {
				"start": { "line": 12, "column": 0 },
				"end": { "line": 12, "column": 74 }
			},
			"12": {
				"start": { "line": 13, "column": 0 },
				"end": { "line": 13, "column": 48 }
			},
			"13": {
				"start": { "line": 14, "column": 0 },
				"end": { "line": 14, "column": 48 }
			},
			"14": {
				"start": { "line": 15, "column": 0 },
				"end": { "line": 15, "column": 56 }
			},
			"15": {
				"start": { "line": 16, "column": 0 },
				"end": { "line": 16, "column": 40 }
			},
			"16": {
				"start": { "line": 17, "column": 0 },
				"end": { "line": 17, "column": 38 }
			},
			"17": {
				"start": { "line": 18, "column": 0 },
				"end": { "line": 18, "column": 48 }
			},
			"18": {
				"start": { "line": 19, "column": 0 },
				"end": { "line": 19, "column": 31 }
			},
			"19": {
				"start": { "line": 20, "column": 0 },
				"end": { "line": 20, "column": 61 }
			},
			"20": {
				"start": { "line": 21, "column": 0 },
				"end": { "line": 21, "column": 50 }
			},
			"22": {
				"start": { "line": 23, "column": 0 },
				"end": { "line": 23, "column": 25 }
			},
			"23": {
				"start": { "line": 24, "column": 0 },
				"end": { "line": 24, "column": 32 }
			},
			"24": {
				"start": { "line": 25, "column": 0 },
				"end": { "line": 25, "column": 32 }
			},
			"25": {
				"start": { "line": 26, "column": 0 },
				"end": { "line": 26, "column": 17 }
			},
			"26": {
				"start": { "line": 27, "column": 0 },
				"end": { "line": 27, "column": 30 }
			},
			"27": {
				"start": { "line": 28, "column": 0 },
				"end": { "line": 28, "column": 6 }
			},
			"28": {
				"start": { "line": 29, "column": 0 },
				"end": { "line": 29, "column": 38 }
			},
			"29": {
				"start": { "line": 30, "column": 0 },
				"end": { "line": 30, "column": 7 }
			},
			"30": {
				"start": { "line": 31, "column": 0 },
				"end": { "line": 31, "column": 8 }
			},
			"31": {
				"start": { "line": 32, "column": 0 },
				"end": { "line": 32, "column": 9 }
			},
			"32": {
				"start": { "line": 33, "column": 0 },
				"end": { "line": 33, "column": 8 }
			},
			"33": {
				"start": { "line": 34, "column": 0 },
				"end": { "line": 34, "column": 59 }
			},
			"34": {
				"start": { "line": 35, "column": 0 },
				"end": { "line": 35, "column": 16 }
			},
			"36": {
				"start": { "line": 37, "column": 0 },
				"end": { "line": 37, "column": 20 }
			},
			"37": {
				"start": { "line": 38, "column": 0 },
				"end": { "line": 38, "column": 14 }
			},
			"38": {
				"start": { "line": 39, "column": 0 },
				"end": { "line": 39, "column": 20 }
			},
			"39": {
				"start": { "line": 40, "column": 0 },
				"end": { "line": 40, "column": 32 }
			},
			"40": {
				"start": { "line": 41, "column": 0 },
				"end": { "line": 41, "column": 39 }
			},
			"41": {
				"start": { "line": 42, "column": 0 },
				"end": { "line": 42, "column": 42 }
			},
			"42": {
				"start": { "line": 43, "column": 0 },
				"end": { "line": 43, "column": 47 }
			},
			"43": {
				"start": { "line": 44, "column": 0 },
				"end": { "line": 44, "column": 6 }
			},
			"44": {
				"start": { "line": 45, "column": 0 },
				"end": { "line": 45, "column": 9 }
			},
			"45": {
				"start": { "line": 46, "column": 0 },
				"end": { "line": 46, "column": 33 }
			},
			"46": {
				"start": { "line": 47, "column": 0 },
				"end": { "line": 47, "column": 33 }
			},
			"47": {
				"start": { "line": 48, "column": 0 },
				"end": { "line": 48, "column": 6 }
			},
			"49": {
				"start": { "line": 50, "column": 0 },
				"end": { "line": 50, "column": 63 }
			},
			"50": {
				"start": { "line": 51, "column": 0 },
				"end": { "line": 51, "column": 62 }
			},
			"51": {
				"start": { "line": 52, "column": 0 },
				"end": { "line": 52, "column": 27 }
			},
			"52": {
				"start": { "line": 53, "column": 0 },
				"end": { "line": 53, "column": 21 }
			},
			"53": {
				"start": { "line": 54, "column": 0 },
				"end": { "line": 54, "column": 28 }
			},
			"54": {
				"start": { "line": 55, "column": 0 },
				"end": { "line": 55, "column": 6 }
			},
			"55": {
				"start": { "line": 56, "column": 0 },
				"end": { "line": 56, "column": 22 }
			},
			"56": {
				"start": { "line": 57, "column": 0 },
				"end": { "line": 57, "column": 10 }
			},
			"58": {
				"start": { "line": 59, "column": 0 },
				"end": { "line": 59, "column": 1 }
			},
			"60": {
				"start": { "line": 61, "column": 0 },
				"end": { "line": 61, "column": 16 }
			},
			"61": {
				"start": { "line": 62, "column": 0 },
				"end": { "line": 62, "column": 52 }
			},
			"62": {
				"start": { "line": 63, "column": 0 },
				"end": { "line": 63, "column": 61 }
			},
			"65": {
				"start": { "line": 66, "column": 0 },
				"end": { "line": 66, "column": 39 }
			},
			"66": {
				"start": { "line": 67, "column": 0 },
				"end": { "line": 67, "column": 32 }
			},
			"67": {
				"start": { "line": 68, "column": 0 },
				"end": { "line": 68, "column": 11 }
			},
			"68": {
				"start": { "line": 69, "column": 0 },
				"end": { "line": 69, "column": 18 }
			},
			"69": {
				"start": { "line": 70, "column": 0 },
				"end": { "line": 70, "column": 29 }
			},
			"70": {
				"start": { "line": 71, "column": 0 },
				"end": { "line": 71, "column": 16 }
			},
			"71": {
				"start": { "line": 72, "column": 0 },
				"end": { "line": 72, "column": 12 }
			},
			"72": {
				"start": { "line": 73, "column": 0 },
				"end": { "line": 73, "column": 13 }
			},
			"73": {
				"start": { "line": 74, "column": 0 },
				"end": { "line": 74, "column": 20 }
			},
			"74": {
				"start": { "line": 75, "column": 0 },
				"end": { "line": 75, "column": 23 }
			},
			"75": {
				"start": { "line": 76, "column": 0 },
				"end": { "line": 76, "column": 48 }
			},
			"76": {
				"start": { "line": 77, "column": 0 },
				"end": { "line": 77, "column": 13 }
			},
			"77": {
				"start": { "line": 78, "column": 0 },
				"end": { "line": 78, "column": 3 }
			},
			"79": {
				"start": { "line": 80, "column": 0 },
				"end": { "line": 80, "column": 18 }
			},
			"80": {
				"start": { "line": 81, "column": 0 },
				"end": { "line": 81, "column": 23 }
			},
			"81": {
				"start": { "line": 82, "column": 0 },
				"end": { "line": 82, "column": 27 }
			},
			"82": {
				"start": { "line": 83, "column": 0 },
				"end": { "line": 83, "column": 3 }
			},
			"83": {
				"start": { "line": 84, "column": 0 },
				"end": { "line": 84, "column": 21 }
			},
			"85": {
				"start": { "line": 86, "column": 0 },
				"end": { "line": 86, "column": 9 }
			},
			"86": {
				"start": { "line": 87, "column": 0 },
				"end": { "line": 87, "column": 31 }
			},
			"87": {
				"start": { "line": 88, "column": 0 },
				"end": { "line": 88, "column": 18 }
			},
			"88": {
				"start": { "line": 89, "column": 0 },
				"end": { "line": 89, "column": 11 }
			},
			"89": {
				"start": { "line": 90, "column": 0 },
				"end": { "line": 90, "column": 9 }
			},
			"90": {
				"start": { "line": 91, "column": 0 },
				"end": { "line": 91, "column": 13 }
			},
			"91": {
				"start": { "line": 92, "column": 0 },
				"end": { "line": 92, "column": 47 }
			},
			"92": {
				"start": { "line": 93, "column": 0 },
				"end": { "line": 93, "column": 49 }
			},
			"93": {
				"start": { "line": 94, "column": 0 },
				"end": { "line": 94, "column": 59 }
			},
			"94": {
				"start": { "line": 95, "column": 0 },
				"end": { "line": 95, "column": 62 }
			},
			"95": {
				"start": { "line": 96, "column": 0 },
				"end": { "line": 96, "column": 14 }
			},
			"96": {
				"start": { "line": 97, "column": 0 },
				"end": { "line": 97, "column": 22 }
			},
			"97": {
				"start": { "line": 98, "column": 0 },
				"end": { "line": 98, "column": 27 }
			},
			"98": {
				"start": { "line": 99, "column": 0 },
				"end": { "line": 99, "column": 46 }
			},
			"99": {
				"start": { "line": 100, "column": 0 },
				"end": { "line": 100, "column": 7 }
			},
			"100": {
				"start": { "line": 101, "column": 0 },
				"end": { "line": 101, "column": 10 }
			},
			"101": {
				"start": { "line": 102, "column": 0 },
				"end": { "line": 102, "column": 20 }
			},
			"102": {
				"start": { "line": 103, "column": 0 },
				"end": { "line": 103, "column": 12 }
			},
			"103": {
				"start": { "line": 104, "column": 0 },
				"end": { "line": 104, "column": 18 }
			},
			"105": {
				"start": { "line": 106, "column": 0 },
				"end": { "line": 106, "column": 1 }
			},
			"107": {
				"start": { "line": 108, "column": 0 },
				"end": { "line": 108, "column": 19 }
			}
		},
		"s": {
			"0": 1,
			"8": 1,
			"9": 1,
			"10": 1,
			"11": 1,
			"12": 1,
			"13": 1,
			"14": 1,
			"15": 1,
			"16": 1,
			"17": 1,
			"18": 1,
			"19": 1,
			"20": 1,
			"22": 1,
			"23": 1,
			"24": 1,
			"25": 1,
			"26": 1,
			"27": 0,
			"28": 1,
			"29": 0,
			"30": 1,
			"31": 1,
			"32": 1,
			"33": 1,
			"34": 1,
			"36": 1,
			"37": 1,
			"38": 1,
			"39": 1,
			"40": 0,
			"41": 0,
			"42": 0,
			"43": 0,
			"44": 1,
			"45": 1,
			"46": 1,
			"47": 1,
			"49": 1,
			"50": 1,
			"51": 1,
			"52": 1,
			"53": 1,
			"54": 1,
			"55": 1,
			"56": 1,
			"58": 1,
			"60": 1,
			"61": 1,
			"62": 1,
			"65": 1,
			"66": 1,
			"67": 1,
			"68": 1,
			"69": 1,
			"70": 1,
			"71": 0,
			"72": 1,
			"73": 0,
			"74": 1,
			"75": 1,
			"76": 1,
			"77": 1,
			"79": 1,
			"80": 1,
			"81": 0,
			"82": 0,
			"83": 1,
			"85": 1,
			"86": 1,
			"87": 1,
			"88": 1,
			"89": 1,
			"90": 1,
			"91": 1,
			"92": 1,
			"93": 1,
			"94": 1,
			"95": 1,
			"96": 1,
			"97": 1,
			"98": 1,
			"99": 1,
			"100": 1,
			"101": 1,
			"102": 1,
			"103": 1,
			"105": 1,
			"107": 1
		},
		"branchMap": {
			"0": {
				"type": "branch",
				"line": 23,
				"loc": {
					"start": { "line": 23, "column": 0 },
					"end": { "line": 59, "column": 1 }
				},
				"locations": [
					{
						"start": { "line": 23, "column": 0 },
						"end": { "line": 59, "column": 1 }
					}
				]
			},
			"1": {
				"type": "branch",
				"line": 27,
				"loc": {
					"start": { "line": 27, "column": 24 },
					"end": { "line": 28, "column": 6 }
				},
				"locations": [
					{
						"start": { "line": 27, "column": 24 },
						"end": { "line": 28, "column": 6 }
					}
				]
			},
			"2": {
				"type": "branch",
				"line": 29,
				"loc": {
					"start": { "line": 29, "column": 27 },
					"end": { "line": 30, "column": 7 }
				},
				"locations": [
					{
						"start": { "line": 29, "column": 27 },
						"end": { "line": 30, "column": 7 }
					}
				]
			},
			"3": {
				"type": "branch",
				"line": 61,
				"loc": {
					"start": { "line": 61, "column": 0 },
					"end": { "line": 106, "column": 1 }
				},
				"locations": [
					{
						"start": { "line": 61, "column": 0 },
						"end": { "line": 106, "column": 1 }
					}
				]
			},
			"4": {
				"type": "branch",
				"line": 71,
				"loc": {
					"start": { "line": 71, "column": 5 },
					"end": { "line": 72, "column": 12 }
				},
				"locations": [
					{
						"start": { "line": 71, "column": 5 },
						"end": { "line": 72, "column": 12 }
					}
				]
			},
			"5": {
				"type": "branch",
				"line": 73,
				"loc": {
					"start": { "line": 73, "column": 6 },
					"end": { "line": 74, "column": 20 }
				},
				"locations": [
					{
						"start": { "line": 73, "column": 6 },
						"end": { "line": 74, "column": 20 }
					}
				]
			},
			"6": {
				"type": "branch",
				"line": 62,
				"loc": {
					"start": { "line": 62, "column": 35 },
					"end": { "line": 62, "column": 50 }
				},
				"locations": [
					{
						"start": { "line": 62, "column": 35 },
						"end": { "line": 62, "column": 50 }
					}
				]
			},
			"7": {
				"type": "branch",
				"line": 76,
				"loc": {
					"start": { "line": 76, "column": 2 },
					"end": { "line": 76, "column": 48 }
				},
				"locations": [
					{
						"start": { "line": 76, "column": 2 },
						"end": { "line": 76, "column": 48 }
					}
				]
			},
			"8": {
				"type": "branch",
				"line": 80,
				"loc": {
					"start": { "line": 80, "column": 11 },
					"end": { "line": 84, "column": 4 }
				},
				"locations": [
					{
						"start": { "line": 80, "column": 11 },
						"end": { "line": 84, "column": 4 }
					}
				]
			},
			"9": {
				"type": "branch",
				"line": 81,
				"loc": {
					"start": { "line": 81, "column": 22 },
					"end": { "line": 83, "column": 3 }
				},
				"locations": [
					{
						"start": { "line": 81, "column": 22 },
						"end": { "line": 83, "column": 3 }
					}
				]
			}
		},
		"b": {
			"0": [1],
			"1": [0],
			"2": [0],
			"3": [1],
			"4": [0],
			"5": [0],
			"6": [3],
			"7": [1],
			"8": [1],
			"9": [0]
		},
		"fnMap": {
			"0": {
				"name": "MuiBottomNav",
				"decl": {
					"start": { "line": 23, "column": 0 },
					"end": { "line": 59, "column": 1 }
				},
				"loc": {
					"start": { "line": 23, "column": 0 },
					"end": { "line": 59, "column": 1 }
				},
				"line": 23
			},
			"1": {
				"name": "onChange",
				"decl": {
					"start": { "line": 40, "column": 14 },
					"end": { "line": 44, "column": 6 }
				},
				"loc": {
					"start": { "line": 40, "column": 14 },
					"end": { "line": 44, "column": 6 }
				},
				"line": 40
			},
			"2": {
				"name": "App",
				"decl": {
					"start": { "line": 61, "column": 0 },
					"end": { "line": 106, "column": 1 }
				},
				"loc": {
					"start": { "line": 61, "column": 0 },
					"end": { "line": 106, "column": 1 }
				},
				"line": 61
			},
			"3": {
				"name": "onClose",
				"decl": {
					"start": { "line": 99, "column": 15 },
					"end": { "line": 99, "column": 46 }
				},
				"loc": {
					"start": { "line": 99, "column": 15 },
					"end": { "line": 99, "column": 46 }
				},
				"line": 99
			}
		},
		"f": { "0": 1, "1": 0, "2": 1, "3": 0 }
	},
	"/Users/ryan/git/lawn-cast/src/main.tsx": {
		"path": "/Users/ryan/git/lawn-cast/src/main.tsx",
		"all": true,
		"statementMap": {
			"0": {
				"start": { "line": 1, "column": 0 },
				"end": { "line": 1, "column": 35 }
			},
			"1": {
				"start": { "line": 2, "column": 0 },
				"end": { "line": 2, "column": 46 }
			},
			"2": {
				"start": { "line": 3, "column": 0 },
				"end": { "line": 3, "column": 21 }
			},
			"3": {
				"start": { "line": 4, "column": 0 },
				"end": { "line": 4, "column": 28 }
			},
			"5": {
				"start": { "line": 6, "column": 0 },
				"end": { "line": 6, "column": 52 }
			},
			"6": {
				"start": { "line": 7, "column": 0 },
				"end": { "line": 7, "column": 13 }
			},
			"7": {
				"start": { "line": 8, "column": 0 },
				"end": { "line": 8, "column": 9 }
			},
			"8": {
				"start": { "line": 9, "column": 0 },
				"end": { "line": 9, "column": 14 }
			},
			"9": {
				"start": { "line": 10, "column": 0 },
				"end": { "line": 10, "column": 2 }
			}
		},
		"s": {
			"0": 0,
			"1": 0,
			"2": 0,
			"3": 0,
			"5": 0,
			"6": 0,
			"7": 0,
			"8": 0,
			"9": 0
		},
		"branchMap": {
			"0": {
				"type": "branch",
				"line": 1,
				"loc": {
					"start": { "line": 1, "column": 204 },
					"end": { "line": 10, "column": -145 }
				},
				"locations": [
					{
						"start": { "line": 1, "column": 204 },
						"end": { "line": 10, "column": -145 }
					}
				]
			}
		},
		"b": { "0": [0] },
		"fnMap": {
			"0": {
				"name": "(empty-report)",
				"decl": {
					"start": { "line": 1, "column": 204 },
					"end": { "line": 10, "column": -145 }
				},
				"loc": {
					"start": { "line": 1, "column": 204 },
					"end": { "line": 10, "column": -145 }
				},
				"line": 1
			}
		},
		"f": { "0": 0 }
	},
	"/Users/ryan/git/lawn-cast/src/theme.ts": {
		"path": "/Users/ryan/git/lawn-cast/src/theme.ts",
		"all": false,
		"statementMap": {
			"0": {
				"start": { "line": 1, "column": 0 },
				"end": { "line": 1, "column": 51 }
			},
			"3": {
				"start": { "line": 4, "column": 0 },
				"end": { "line": 4, "column": 51 }
			},
			"4": {
				"start": { "line": 5, "column": 0 },
				"end": { "line": 5, "column": 14 }
			},
			"5": {
				"start": { "line": 6, "column": 0 },
				"end": { "line": 6, "column": 12 }
			},
			"6": {
				"start": { "line": 7, "column": 0 },
				"end": { "line": 7, "column": 8 }
			},
			"7": {
				"start": { "line": 8, "column": 0 },
				"end": { "line": 8, "column": 32 }
			},
			"8": {
				"start": { "line": 9, "column": 0 },
				"end": { "line": 9, "column": 34 }
			},
			"9": {
				"start": { "line": 10, "column": 0 },
				"end": { "line": 10, "column": 16 }
			},
			"10": {
				"start": { "line": 11, "column": 0 },
				"end": { "line": 11, "column": 54 }
			},
			"11": {
				"start": { "line": 12, "column": 0 },
				"end": { "line": 12, "column": 49 }
			},
			"12": {
				"start": { "line": 13, "column": 0 },
				"end": { "line": 13, "column": 5 }
			},
			"13": {
				"start": { "line": 14, "column": 0 },
				"end": { "line": 14, "column": 13 }
			},
			"14": {
				"start": { "line": 15, "column": 0 },
				"end": { "line": 15, "column": 20 }
			},
			"15": {
				"start": { "line": 16, "column": 0 },
				"end": { "line": 16, "column": 21 }
			},
			"16": {
				"start": { "line": 17, "column": 0 },
				"end": { "line": 17, "column": 20 }
			},
			"17": {
				"start": { "line": 18, "column": 0 },
				"end": { "line": 18, "column": 25 }
			},
			"18": {
				"start": { "line": 19, "column": 0 },
				"end": { "line": 19, "column": 5 }
			},
			"19": {
				"start": { "line": 20, "column": 0 },
				"end": { "line": 20, "column": 13 }
			},
			"20": {
				"start": { "line": 21, "column": 0 },
				"end": { "line": 21, "column": 20 }
			},
			"21": {
				"start": { "line": 22, "column": 0 },
				"end": { "line": 22, "column": 21 }
			},
			"22": {
				"start": { "line": 23, "column": 0 },
				"end": { "line": 23, "column": 20 }
			},
			"23": {
				"start": { "line": 24, "column": 0 },
				"end": { "line": 24, "column": 25 }
			},
			"24": {
				"start": { "line": 25, "column": 0 },
				"end": { "line": 25, "column": 5 }
			},
			"25": {
				"start": { "line": 26, "column": 0 },
				"end": { "line": 26, "column": 11 }
			},
			"26": {
				"start": { "line": 27, "column": 0 },
				"end": { "line": 27, "column": 20 }
			},
			"27": {
				"start": { "line": 28, "column": 0 },
				"end": { "line": 28, "column": 21 }
			},
			"28": {
				"start": { "line": 29, "column": 0 },
				"end": { "line": 29, "column": 20 }
			},
			"29": {
				"start": { "line": 30, "column": 0 },
				"end": { "line": 30, "column": 25 }
			},
			"30": {
				"start": { "line": 31, "column": 0 },
				"end": { "line": 31, "column": 5 }
			},
			"31": {
				"start": { "line": 32, "column": 0 },
				"end": { "line": 32, "column": 50 }
			},
			"32": {
				"start": { "line": 33, "column": 0 },
				"end": { "line": 33, "column": 10 }
			},
			"33": {
				"start": { "line": 34, "column": 0 },
				"end": { "line": 34, "column": 51 }
			},
			"34": {
				"start": { "line": 35, "column": 0 },
				"end": { "line": 35, "column": 56 }
			},
			"35": {
				"start": { "line": 36, "column": 0 },
				"end": { "line": 36, "column": 5 }
			},
			"36": {
				"start": { "line": 37, "column": 0 },
				"end": { "line": 37, "column": 4 }
			},
			"37": {
				"start": { "line": 38, "column": 0 },
				"end": { "line": 38, "column": 10 }
			},
			"38": {
				"start": { "line": 39, "column": 0 },
				"end": { "line": 39, "column": 20 }
			},
			"39": {
				"start": { "line": 40, "column": 0 },
				"end": { "line": 40, "column": 4 }
			},
			"40": {
				"start": { "line": 41, "column": 0 },
				"end": { "line": 41, "column": 15 }
			},
			"41": {
				"start": { "line": 42, "column": 0 },
				"end": { "line": 42, "column": 65 }
			},
			"42": {
				"start": { "line": 43, "column": 0 },
				"end": { "line": 43, "column": 26 }
			},
			"43": {
				"start": { "line": 44, "column": 0 },
				"end": { "line": 44, "column": 25 }
			},
			"44": {
				"start": { "line": 45, "column": 0 },
				"end": { "line": 45, "column": 23 }
			},
			"45": {
				"start": { "line": 46, "column": 0 },
				"end": { "line": 46, "column": 4 }
			},
			"46": {
				"start": { "line": 47, "column": 0 },
				"end": { "line": 47, "column": 15 }
			},
			"47": {
				"start": { "line": 48, "column": 0 },
				"end": { "line": 48, "column": 14 }
			},
			"48": {
				"start": { "line": 49, "column": 0 },
				"end": { "line": 49, "column": 21 }
			},
			"49": {
				"start": { "line": 50, "column": 0 },
				"end": { "line": 50, "column": 12 }
			},
			"50": {
				"start": { "line": 51, "column": 0 },
				"end": { "line": 51, "column": 25 }
			},
			"51": {
				"start": { "line": 52, "column": 0 },
				"end": { "line": 52, "column": 7 }
			},
			"52": {
				"start": { "line": 53, "column": 0 },
				"end": { "line": 53, "column": 6 }
			},
			"53": {
				"start": { "line": 54, "column": 0 },
				"end": { "line": 54, "column": 5 }
			},
			"54": {
				"start": { "line": 55, "column": 0 },
				"end": { "line": 55, "column": 4 }
			},
			"55": {
				"start": { "line": 56, "column": 0 },
				"end": { "line": 56, "column": 4 }
			},
			"57": {
				"start": { "line": 58, "column": 0 },
				"end": { "line": 58, "column": 24 }
			}
		},
		"s": {
			"0": 1,
			"3": 1,
			"4": 8,
			"5": 8,
			"6": 8,
			"7": 8,
			"8": 8,
			"9": 8,
			"10": 8,
			"11": 8,
			"12": 8,
			"13": 8,
			"14": 8,
			"15": 8,
			"16": 8,
			"17": 8,
			"18": 8,
			"19": 8,
			"20": 8,
			"21": 8,
			"22": 8,
			"23": 8,
			"24": 8,
			"25": 8,
			"26": 8,
			"27": 8,
			"28": 8,
			"29": 8,
			"30": 8,
			"31": 8,
			"32": 8,
			"33": 8,
			"34": 8,
			"35": 8,
			"36": 8,
			"37": 8,
			"38": 8,
			"39": 8,
			"40": 8,
			"41": 8,
			"42": 8,
			"43": 8,
			"44": 8,
			"45": 8,
			"46": 8,
			"47": 8,
			"48": 8,
			"49": 8,
			"50": 8,
			"51": 8,
			"52": 8,
			"53": 8,
			"54": 8,
			"55": 8,
			"57": 1
		},
		"branchMap": {
			"0": {
				"type": "branch",
				"line": 4,
				"loc": {
					"start": { "line": 4, "column": 17 },
					"end": { "line": 56, "column": 4 }
				},
				"locations": [
					{
						"start": { "line": 4, "column": 17 },
						"end": { "line": 56, "column": 4 }
					}
				]
			},
			"1": {
				"type": "branch",
				"line": 11,
				"loc": {
					"start": { "line": 11, "column": 32 },
					"end": { "line": 11, "column": 54 }
				},
				"locations": [
					{
						"start": { "line": 11, "column": 32 },
						"end": { "line": 11, "column": 54 }
					}
				]
			},
			"2": {
				"type": "branch",
				"line": 12,
				"loc": {
					"start": { "line": 12, "column": 30 },
					"end": { "line": 12, "column": 49 }
				},
				"locations": [
					{
						"start": { "line": 12, "column": 30 },
						"end": { "line": 12, "column": 49 }
					}
				]
			},
			"3": {
				"type": "branch",
				"line": 32,
				"loc": {
					"start": { "line": 32, "column": 31 },
					"end": { "line": 32, "column": 50 }
				},
				"locations": [
					{
						"start": { "line": 32, "column": 31 },
						"end": { "line": 32, "column": 50 }
					}
				]
			},
			"4": {
				"type": "branch",
				"line": 34,
				"loc": {
					"start": { "line": 34, "column": 32 },
					"end": { "line": 34, "column": 51 }
				},
				"locations": [
					{
						"start": { "line": 34, "column": 32 },
						"end": { "line": 34, "column": 51 }
					}
				]
			},
			"5": {
				"type": "branch",
				"line": 35,
				"loc": {
					"start": { "line": 35, "column": 34 },
					"end": { "line": 35, "column": 56 }
				},
				"locations": [
					{
						"start": { "line": 35, "column": 34 },
						"end": { "line": 35, "column": 56 }
					}
				]
			}
		},
		"b": { "0": [8], "1": [0], "2": [0], "3": [0], "4": [0], "5": [0] },
		"fnMap": {
			"0": {
				"name": "getTheme",
				"decl": {
					"start": { "line": 4, "column": 17 },
					"end": { "line": 56, "column": 4 }
				},
				"loc": {
					"start": { "line": 4, "column": 17 },
					"end": { "line": 56, "column": 4 }
				},
				"line": 4
			}
		},
		"f": { "0": 8 }
	},
	"/Users/ryan/git/lawn-cast/src/api/fetcher.ts": {
		"path": "/Users/ryan/git/lawn-cast/src/api/fetcher.ts",
		"all": false,
		"statementMap": {
			"0": {
				"start": { "line": 1, "column": 0 },
				"end": { "line": 1, "column": 35 }
			},
			"1": {
				"start": { "line": 2, "column": 0 },
				"end": { "line": 2, "column": 13 }
			},
			"2": {
				"start": { "line": 3, "column": 0 },
				"end": { "line": 3, "column": 26 }
			},
			"6": {
				"start": { "line": 7, "column": 0 },
				"end": { "line": 7, "column": 15 }
			},
			"7": {
				"start": { "line": 8, "column": 0 },
				"end": { "line": 8, "column": 61 }
			},
			"8": {
				"start": { "line": 9, "column": 0 },
				"end": { "line": 9, "column": 42 }
			},
			"9": {
				"start": { "line": 10, "column": 0 },
				"end": { "line": 10, "column": 65 }
			},
			"10": {
				"start": { "line": 11, "column": 0 },
				"end": { "line": 11, "column": 6 }
			},
			"11": {
				"start": { "line": 12, "column": 0 },
				"end": { "line": 12, "column": 32 }
			},
			"12": {
				"start": { "line": 13, "column": 0 },
				"end": { "line": 13, "column": 19 }
			},
			"13": {
				"start": { "line": 14, "column": 0 },
				"end": { "line": 14, "column": 13 }
			},
			"14": {
				"start": { "line": 15, "column": 0 },
				"end": { "line": 15, "column": 32 }
			},
			"15": {
				"start": { "line": 16, "column": 0 },
				"end": { "line": 16, "column": 5 }
			},
			"16": {
				"start": { "line": 17, "column": 0 },
				"end": { "line": 17, "column": 29 }
			},
			"17": {
				"start": { "line": 18, "column": 0 },
				"end": { "line": 18, "column": 5 }
			},
			"18": {
				"start": { "line": 19, "column": 0 },
				"end": { "line": 19, "column": 24 }
			},
			"19": {
				"start": { "line": 20, "column": 0 },
				"end": { "line": 20, "column": 16 }
			},
			"20": {
				"start": { "line": 21, "column": 0 },
				"end": { "line": 21, "column": 38 }
			},
			"21": {
				"start": { "line": 22, "column": 0 },
				"end": { "line": 22, "column": 55 }
			},
			"22": {
				"start": { "line": 23, "column": 0 },
				"end": { "line": 23, "column": 3 }
			},
			"23": {
				"start": { "line": 24, "column": 0 },
				"end": { "line": 24, "column": 20 }
			},
			"24": {
				"start": { "line": 25, "column": 0 },
				"end": { "line": 25, "column": 25 }
			},
			"25": {
				"start": { "line": 26, "column": 0 },
				"end": { "line": 26, "column": 24 }
			},
			"26": {
				"start": { "line": 27, "column": 0 },
				"end": { "line": 27, "column": 6 }
			},
			"27": {
				"start": { "line": 28, "column": 0 },
				"end": { "line": 28, "column": 26 }
			},
			"28": {
				"start": { "line": 29, "column": 0 },
				"end": { "line": 29, "column": 32 }
			},
			"29": {
				"start": { "line": 30, "column": 0 },
				"end": { "line": 30, "column": 49 }
			},
			"30": {
				"start": { "line": 31, "column": 0 },
				"end": { "line": 31, "column": 5 }
			},
			"31": {
				"start": { "line": 32, "column": 0 },
				"end": { "line": 32, "column": 40 }
			},
			"32": {
				"start": { "line": 33, "column": 0 },
				"end": { "line": 33, "column": 3 }
			},
			"33": {
				"start": { "line": 34, "column": 0 },
				"end": { "line": 34, "column": 12 }
			},
			"34": {
				"start": { "line": 35, "column": 0 },
				"end": { "line": 35, "column": 2 }
			},
			"35": {
				"start": { "line": 36, "column": 0 },
				"end": { "line": 36, "column": 1 }
			}
		},
		"s": {
			"0": 2,
			"1": 2,
			"2": 2,
			"6": 2,
			"7": 2,
			"8": 2,
			"9": 2,
			"10": 2,
			"11": 2,
			"12": 2,
			"13": 2,
			"14": 2,
			"15": 2,
			"16": 2,
			"17": 2,
			"18": 1,
			"19": 1,
			"20": 1,
			"21": 1,
			"22": 1,
			"23": 0,
			"24": 1,
			"25": 1,
			"26": 1,
			"27": 1,
			"28": 1,
			"29": 1,
			"30": 1,
			"31": 0,
			"32": 0,
			"33": 1,
			"34": 1,
			"35": 2
		},
		"branchMap": {
			"0": {
				"type": "branch",
				"line": 1,
				"loc": {
					"start": { "line": 1, "column": 0 },
					"end": { "line": 36, "column": 1 }
				},
				"locations": [
					{
						"start": { "line": 1, "column": 0 },
						"end": { "line": 36, "column": 1 }
					}
				]
			},
			"1": {
				"type": "branch",
				"line": 8,
				"loc": {
					"start": { "line": 8, "column": 47 },
					"end": { "line": 8, "column": 61 }
				},
				"locations": [
					{
						"start": { "line": 8, "column": 47 },
						"end": { "line": 8, "column": 61 }
					}
				]
			},
			"2": {
				"type": "branch",
				"line": 15,
				"loc": {
					"start": { "line": 15, "column": 17 },
					"end": { "line": 15, "column": 32 }
				},
				"locations": [
					{
						"start": { "line": 15, "column": 17 },
						"end": { "line": 15, "column": 32 }
					}
				]
			},
			"3": {
				"type": "branch",
				"line": 18,
				"loc": {
					"start": { "line": 18, "column": 3 },
					"end": { "line": 35, "column": 2 }
				},
				"locations": [
					{
						"start": { "line": 18, "column": 3 },
						"end": { "line": 35, "column": 2 }
					}
				]
			},
			"4": {
				"type": "branch",
				"line": 23,
				"loc": {
					"start": { "line": 23, "column": 2 },
					"end": { "line": 25, "column": 10 }
				},
				"locations": [
					{
						"start": { "line": 23, "column": 2 },
						"end": { "line": 25, "column": 10 }
					}
				]
			},
			"5": {
				"type": "branch",
				"line": 31,
				"loc": {
					"start": { "line": 31, "column": 4 },
					"end": { "line": 33, "column": 3 }
				},
				"locations": [
					{
						"start": { "line": 31, "column": 4 },
						"end": { "line": 33, "column": 3 }
					}
				]
			}
		},
		"b": { "0": [2], "1": [0], "2": [0], "3": [1], "4": [0], "5": [0] },
		"fnMap": {
			"0": {
				"name": "fetchJson",
				"decl": {
					"start": { "line": 1, "column": 0 },
					"end": { "line": 36, "column": 1 }
				},
				"loc": {
					"start": { "line": 1, "column": 0 },
					"end": { "line": 36, "column": 1 }
				},
				"line": 1
			}
		},
		"f": { "0": 2 }
	},
	"/Users/ryan/git/lawn-cast/src/api/nominatim.ts": {
		"path": "/Users/ryan/git/lawn-cast/src/api/nominatim.ts",
		"all": false,
		"statementMap": {
			"0": {
				"start": { "line": 1, "column": 0 },
				"end": { "line": 1, "column": 38 }
			},
			"2": {
				"start": { "line": 3, "column": 0 },
				"end": { "line": 3, "column": 21 }
			},
			"3": {
				"start": { "line": 4, "column": 0 },
				"end": { "line": 4, "column": 77 }
			},
			"17": {
				"start": { "line": 18, "column": 0 },
				"end": { "line": 18, "column": 24 }
			},
			"18": {
				"start": { "line": 19, "column": 0 },
				"end": { "line": 19, "column": 65 }
			},
			"19": {
				"start": { "line": 20, "column": 0 },
				"end": { "line": 20, "column": 61 }
			},
			"21": {
				"start": { "line": 22, "column": 0 },
				"end": { "line": 22, "column": 38 }
			},
			"22": {
				"start": { "line": 23, "column": 0 },
				"end": { "line": 23, "column": 15 }
			},
			"23": {
				"start": { "line": 24, "column": 0 },
				"end": { "line": 24, "column": 17 }
			},
			"24": {
				"start": { "line": 25, "column": 0 },
				"end": { "line": 25, "column": 31 }
			},
			"25": {
				"start": { "line": 26, "column": 0 },
				"end": { "line": 26, "column": 52 }
			},
			"26": {
				"start": { "line": 27, "column": 0 },
				"end": { "line": 27, "column": 22 }
			},
			"28": {
				"start": { "line": 29, "column": 0 },
				"end": { "line": 29, "column": 24 }
			},
			"29": {
				"start": { "line": 30, "column": 0 },
				"end": { "line": 30, "column": 2 }
			},
			"30": {
				"start": { "line": 31, "column": 0 },
				"end": { "line": 31, "column": 42 }
			},
			"31": {
				"start": { "line": 32, "column": 0 },
				"end": { "line": 32, "column": 44 }
			},
			"32": {
				"start": { "line": 33, "column": 0 },
				"end": { "line": 33, "column": 26 }
			},
			"33": {
				"start": { "line": 34, "column": 0 },
				"end": { "line": 34, "column": 43 }
			},
			"34": {
				"start": { "line": 35, "column": 0 },
				"end": { "line": 35, "column": 26 }
			},
			"35": {
				"start": { "line": 36, "column": 0 },
				"end": { "line": 36, "column": 60 }
			},
			"36": {
				"start": { "line": 37, "column": 0 },
				"end": { "line": 37, "column": 4 }
			},
			"37": {
				"start": { "line": 38, "column": 0 },
				"end": { "line": 38, "column": 32 }
			},
			"38": {
				"start": { "line": 39, "column": 0 },
				"end": { "line": 39, "column": 8 }
			},
			"39": {
				"start": { "line": 40, "column": 0 },
				"end": { "line": 40, "column": 126 }
			},
			"40": {
				"start": { "line": 41, "column": 0 },
				"end": { "line": 41, "column": 61 }
			},
			"41": {
				"start": { "line": 42, "column": 0 },
				"end": { "line": 42, "column": 15 }
			},
			"42": {
				"start": { "line": 43, "column": 0 },
				"end": { "line": 43, "column": 58 }
			},
			"43": {
				"start": { "line": 44, "column": 0 },
				"end": { "line": 44, "column": 7 }
			},
			"44": {
				"start": { "line": 45, "column": 0 },
				"end": { "line": 45, "column": 7 }
			},
			"45": {
				"start": { "line": 46, "column": 0 },
				"end": { "line": 46, "column": 21 }
			},
			"46": {
				"start": { "line": 47, "column": 0 },
				"end": { "line": 47, "column": 18 }
			},
			"47": {
				"start": { "line": 48, "column": 0 },
				"end": { "line": 48, "column": 16 }
			},
			"48": {
				"start": { "line": 49, "column": 0 },
				"end": { "line": 49, "column": 4 }
			},
			"49": {
				"start": { "line": 50, "column": 0 },
				"end": { "line": 50, "column": 17 }
			},
			"51": {
				"start": { "line": 52, "column": 0 },
				"end": { "line": 52, "column": 72 }
			},
			"52": {
				"start": { "line": 53, "column": 0 },
				"end": { "line": 53, "column": 4 }
			},
			"53": {
				"start": { "line": 54, "column": 0 },
				"end": { "line": 54, "column": 1 }
			}
		},
		"s": {
			"0": 1,
			"2": 1,
			"3": 1,
			"17": 1,
			"18": 1,
			"19": 1,
			"21": 1,
			"22": 2,
			"23": 2,
			"24": 2,
			"25": 2,
			"26": 2,
			"28": 0,
			"29": 0,
			"30": 2,
			"31": 2,
			"32": 2,
			"33": 2,
			"34": 2,
			"35": 0,
			"36": 0,
			"37": 2,
			"38": 2,
			"39": 2,
			"40": 2,
			"41": 2,
			"42": 2,
			"43": 2,
			"44": 2,
			"45": 0,
			"46": 1,
			"47": 1,
			"48": 1,
			"49": 2,
			"51": 2,
			"52": 2,
			"53": 2
		},
		"branchMap": {
			"0": {
				"type": "branch",
				"line": 22,
				"loc": {
					"start": { "line": 22, "column": 7 },
					"end": { "line": 54, "column": 1 }
				},
				"locations": [
					{
						"start": { "line": 22, "column": 7 },
						"end": { "line": 54, "column": 1 }
					}
				]
			},
			"1": {
				"type": "branch",
				"line": 26,
				"loc": {
					"start": { "line": 26, "column": 22 },
					"end": { "line": 26, "column": 52 }
				},
				"locations": [
					{
						"start": { "line": 26, "column": 22 },
						"end": { "line": 26, "column": 52 }
					}
				]
			},
			"2": {
				"type": "branch",
				"line": 27,
				"loc": {
					"start": { "line": 27, "column": 21 },
					"end": { "line": 30, "column": 2 }
				},
				"locations": [
					{
						"start": { "line": 27, "column": 21 },
						"end": { "line": 30, "column": 2 }
					}
				]
			},
			"3": {
				"type": "branch",
				"line": 31,
				"loc": {
					"start": { "line": 31, "column": 20 },
					"end": { "line": 53, "column": 2 }
				},
				"locations": [
					{
						"start": { "line": 31, "column": 20 },
						"end": { "line": 53, "column": 2 }
					}
				]
			},
			"4": {
				"type": "branch",
				"line": 32,
				"loc": {
					"start": { "line": 32, "column": 31 },
					"end": { "line": 50, "column": 5 }
				},
				"locations": [
					{
						"start": { "line": 32, "column": 31 },
						"end": { "line": 50, "column": 5 }
					}
				]
			},
			"5": {
				"type": "branch",
				"line": 35,
				"loc": {
					"start": { "line": 35, "column": 25 },
					"end": { "line": 37, "column": 4 }
				},
				"locations": [
					{
						"start": { "line": 35, "column": 25 },
						"end": { "line": 37, "column": 4 }
					}
				]
			},
			"6": {
				"type": "branch",
				"line": 45,
				"loc": {
					"start": { "line": 45, "column": 5 },
					"end": { "line": 49, "column": 4 }
				},
				"locations": [
					{
						"start": { "line": 45, "column": 5 },
						"end": { "line": 49, "column": 4 }
					}
				]
			},
			"7": {
				"type": "branch",
				"line": 45,
				"loc": {
					"start": { "line": 45, "column": 5 },
					"end": { "line": 47, "column": 12 }
				},
				"locations": [
					{
						"start": { "line": 45, "column": 5 },
						"end": { "line": 47, "column": 12 }
					}
				]
			}
		},
		"b": {
			"0": [2],
			"1": [0],
			"2": [0],
			"3": [2],
			"4": [2],
			"5": [0],
			"6": [1],
			"7": [0]
		},
		"fnMap": {
			"0": {
				"name": "searchZipAutocomplete",
				"decl": {
					"start": { "line": 22, "column": 7 },
					"end": { "line": 54, "column": 1 }
				},
				"loc": {
					"start": { "line": 22, "column": 7 },
					"end": { "line": 54, "column": 1 }
				},
				"line": 22
			}
		},
		"f": { "0": 2 }
	},
	"/Users/ryan/git/lawn-cast/src/api/openmeteo.ts": {
		"path": "/Users/ryan/git/lawn-cast/src/api/openmeteo.ts",
		"all": false,
		"statementMap": {
			"0": {
				"start": { "line": 1, "column": 0 },
				"end": { "line": 1, "column": 38 }
			},
			"14": {
				"start": { "line": 15, "column": 0 },
				"end": { "line": 15, "column": 32 }
			},
			"15": {
				"start": { "line": 16, "column": 0 },
				"end": { "line": 16, "column": 13 }
			},
			"16": {
				"start": { "line": 17, "column": 0 },
				"end": { "line": 17, "column": 13 }
			},
			"17": {
				"start": { "line": 18, "column": 0 },
				"end": { "line": 18, "column": 33 }
			},
			"18": {
				"start": { "line": 19, "column": 0 },
				"end": { "line": 19, "column": 30 }
			},
			"19": {
				"start": { "line": 20, "column": 0 },
				"end": { "line": 20, "column": 61 }
			},
			"20": {
				"start": { "line": 21, "column": 0 },
				"end": { "line": 21, "column": 199 }
			},
			"21": {
				"start": { "line": 22, "column": 0 },
				"end": { "line": 22, "column": 54 }
			},
			"22": {
				"start": { "line": 23, "column": 0 },
				"end": { "line": 23, "column": 37 }
			},
			"23": {
				"start": { "line": 24, "column": 0 },
				"end": { "line": 24, "column": 68 }
			},
			"24": {
				"start": { "line": 25, "column": 0 },
				"end": { "line": 25, "column": 5 }
			},
			"25": {
				"start": { "line": 26, "column": 0 },
				"end": { "line": 26, "column": 9 }
			},
			"26": {
				"start": { "line": 27, "column": 0 },
				"end": { "line": 27, "column": 15 }
			},
			"27": {
				"start": { "line": 28, "column": 0 },
				"end": { "line": 28, "column": 20 }
			},
			"28": {
				"start": { "line": 29, "column": 0 },
				"end": { "line": 29, "column": 33 }
			},
			"29": {
				"start": { "line": 30, "column": 0 },
				"end": { "line": 30, "column": 42 }
			},
			"30": {
				"start": { "line": 31, "column": 0 },
				"end": { "line": 31, "column": 4 }
			},
			"31": {
				"start": { "line": 32, "column": 0 },
				"end": { "line": 32, "column": 52 }
			},
			"33": {
				"start": { "line": 34, "column": 0 },
				"end": { "line": 34, "column": 33 }
			},
			"34": {
				"start": { "line": 35, "column": 0 },
				"end": { "line": 35, "column": 51 }
			},
			"35": {
				"start": { "line": 36, "column": 0 },
				"end": { "line": 36, "column": 66 }
			},
			"36": {
				"start": { "line": 37, "column": 0 },
				"end": { "line": 37, "column": 5 }
			},
			"37": {
				"start": { "line": 38, "column": 0 },
				"end": { "line": 38, "column": 3 }
			},
			"38": {
				"start": { "line": 39, "column": 0 },
				"end": { "line": 39, "column": 2 }
			},
			"39": {
				"start": { "line": 40, "column": 0 },
				"end": { "line": 40, "column": 41 }
			},
			"40": {
				"start": { "line": 41, "column": 0 },
				"end": { "line": 41, "column": 15 }
			},
			"41": {
				"start": { "line": 42, "column": 0 },
				"end": { "line": 42, "column": 1 }
			}
		},
		"s": {
			"0": 1,
			"14": 0,
			"15": 0,
			"16": 0,
			"17": 0,
			"18": 0,
			"19": 0,
			"20": 0,
			"21": 0,
			"22": 0,
			"23": 0,
			"24": 0,
			"25": 0,
			"26": 0,
			"27": 0,
			"28": 0,
			"29": 0,
			"30": 0,
			"31": 0,
			"33": 0,
			"34": 0,
			"35": 0,
			"36": 0,
			"37": 0,
			"38": 0,
			"39": 0,
			"40": 0,
			"41": 0
		},
		"branchMap": {},
		"b": {},
		"fnMap": {
			"0": {
				"name": "getPrecip",
				"decl": {
					"start": { "line": 15, "column": 0 },
					"end": { "line": 42, "column": 1 }
				},
				"loc": {
					"start": { "line": 15, "column": 0 },
					"end": { "line": 42, "column": 1 }
				},
				"line": 15
			}
		},
		"f": { "0": 0 }
	},
	"/Users/ryan/git/lawn-cast/src/components/DangerZoneSection.tsx": {
		"path": "/Users/ryan/git/lawn-cast/src/components/DangerZoneSection.tsx",
		"all": false,
		"statementMap": {
			"0": {
				"start": { "line": 1, "column": 0 },
				"end": { "line": 1, "column": 8 }
			},
			"10": {
				"start": { "line": 11, "column": 0 },
				"end": { "line": 11, "column": 33 }
			},
			"11": {
				"start": { "line": 12, "column": 0 },
				"end": { "line": 12, "column": 51 }
			},
			"13": {
				"start": { "line": 14, "column": 0 },
				"end": { "line": 14, "column": 45 }
			},
			"14": {
				"start": { "line": 15, "column": 0 },
				"end": { "line": 15, "column": 46 }
			},
			"15": {
				"start": { "line": 16, "column": 0 },
				"end": { "line": 16, "column": 41 }
			},
			"16": {
				"start": { "line": 17, "column": 0 },
				"end": { "line": 17, "column": 47 }
			},
			"18": {
				"start": { "line": 19, "column": 0 },
				"end": { "line": 19, "column": 28 }
			},
			"19": {
				"start": { "line": 20, "column": 0 },
				"end": { "line": 20, "column": 10 }
			},
			"20": {
				"start": { "line": 21, "column": 0 },
				"end": { "line": 21, "column": 17 }
			},
			"21": {
				"start": { "line": 22, "column": 0 },
				"end": { "line": 22, "column": 19 }
			},
			"22": {
				"start": { "line": 23, "column": 0 },
				"end": { "line": 23, "column": 44 }
			},
			"23": {
				"start": { "line": 24, "column": 0 },
				"end": { "line": 24, "column": 3 }
			},
			"25": {
				"start": { "line": 26, "column": 0 },
				"end": { "line": 26, "column": 9 }
			},
			"26": {
				"start": { "line": 27, "column": 0 },
				"end": { "line": 27, "column": 22 }
			},
			"27": {
				"start": { "line": 28, "column": 0 },
				"end": { "line": 28, "column": 14 }
			},
			"28": {
				"start": { "line": 29, "column": 0 },
				"end": { "line": 29, "column": 16 }
			},
			"29": {
				"start": { "line": 30, "column": 0 },
				"end": { "line": 30, "column": 20 }
			},
			"30": {
				"start": { "line": 31, "column": 0 },
				"end": { "line": 31, "column": 16 }
			},
			"31": {
				"start": { "line": 32, "column": 0 },
				"end": { "line": 32, "column": 17 }
			},
			"32": {
				"start": { "line": 33, "column": 0 },
				"end": { "line": 33, "column": 4 }
			},
			"34": {
				"start": { "line": 35, "column": 0 },
				"end": { "line": 35, "column": 16 }
			},
			"35": {
				"start": { "line": 36, "column": 0 },
				"end": { "line": 36, "column": 10 }
			},
			"36": {
				"start": { "line": 37, "column": 0 },
				"end": { "line": 37, "column": 23 }
			},
			"37": {
				"start": { "line": 38, "column": 0 },
				"end": { "line": 38, "column": 17 }
			},
			"38": {
				"start": { "line": 39, "column": 0 },
				"end": { "line": 39, "column": 33 }
			},
			"39": {
				"start": { "line": 40, "column": 0 },
				"end": { "line": 40, "column": 4 }
			},
			"41": {
				"start": { "line": 42, "column": 0 },
				"end": { "line": 42, "column": 12 }
			},
			"42": {
				"start": { "line": 43, "column": 0 },
				"end": { "line": 43, "column": 54 }
			},
			"43": {
				"start": { "line": 44, "column": 0 },
				"end": { "line": 44, "column": 49 }
			},
			"44": {
				"start": { "line": 45, "column": 0 },
				"end": { "line": 45, "column": 19 }
			},
			"45": {
				"start": { "line": 46, "column": 0 },
				"end": { "line": 46, "column": 17 }
			},
			"48": {
				"start": { "line": 49, "column": 0 },
				"end": { "line": 49, "column": 18 }
			},
			"49": {
				"start": { "line": 50, "column": 0 },
				"end": { "line": 50, "column": 20 }
			},
			"50": {
				"start": { "line": 51, "column": 0 },
				"end": { "line": 51, "column": 19 }
			},
			"51": {
				"start": { "line": 52, "column": 0 },
				"end": { "line": 52, "column": 59 }
			},
			"52": {
				"start": { "line": 53, "column": 0 },
				"end": { "line": 53, "column": 12 }
			},
			"53": {
				"start": { "line": 54, "column": 0 },
				"end": { "line": 54, "column": 27 }
			},
			"54": {
				"start": { "line": 55, "column": 0 },
				"end": { "line": 55, "column": 19 }
			},
			"55": {
				"start": { "line": 56, "column": 0 },
				"end": { "line": 56, "column": 25 }
			},
			"56": {
				"start": { "line": 57, "column": 0 },
				"end": { "line": 57, "column": 6 }
			},
			"58": {
				"start": { "line": 59, "column": 0 },
				"end": { "line": 59, "column": 14 }
			},
			"59": {
				"start": { "line": 60, "column": 0 },
				"end": { "line": 60, "column": 20 }
			},
			"60": {
				"start": { "line": 61, "column": 0 },
				"end": { "line": 61, "column": 12 }
			},
			"61": {
				"start": { "line": 62, "column": 0 },
				"end": { "line": 62, "column": 16 }
			},
			"62": {
				"start": { "line": 63, "column": 0 },
				"end": { "line": 63, "column": 45 }
			},
			"64": {
				"start": { "line": 65, "column": 0 },
				"end": { "line": 65, "column": 12 }
			},
			"66": {
				"start": { "line": 67, "column": 0 },
				"end": { "line": 67, "column": 8 }
			},
			"68": {
				"start": { "line": 69, "column": 0 },
				"end": { "line": 69, "column": 1 }
			}
		},
		"s": {
			"0": 1,
			"10": 1,
			"11": 1,
			"13": 8,
			"14": 8,
			"15": 8,
			"16": 8,
			"18": 8,
			"19": 1,
			"20": 1,
			"21": 1,
			"22": 1,
			"23": 1,
			"25": 8,
			"26": 8,
			"27": 8,
			"28": 8,
			"29": 8,
			"30": 8,
			"31": 8,
			"32": 8,
			"34": 8,
			"35": 8,
			"36": 8,
			"37": 8,
			"38": 8,
			"39": 8,
			"41": 8,
			"42": 8,
			"43": 8,
			"44": 8,
			"45": 8,
			"48": 8,
			"49": 8,
			"50": 8,
			"51": 8,
			"52": 8,
			"53": 8,
			"54": 8,
			"55": 8,
			"56": 8,
			"58": 8,
			"59": 8,
			"60": 8,
			"61": 8,
			"62": 1,
			"64": 1,
			"66": 8,
			"68": 8
		},
		"branchMap": {
			"0": {
				"type": "branch",
				"line": 14,
				"loc": {
					"start": { "line": 14, "column": 0 },
					"end": { "line": 69, "column": 1 }
				},
				"locations": [
					{
						"start": { "line": 14, "column": 0 },
						"end": { "line": 69, "column": 1 }
					}
				]
			},
			"1": {
				"type": "branch",
				"line": 62,
				"loc": {
					"start": { "line": 62, "column": 4 },
					"end": { "line": 65, "column": 12 }
				},
				"locations": [
					{
						"start": { "line": 62, "column": 4 },
						"end": { "line": 65, "column": 12 }
					}
				]
			},
			"2": {
				"type": "branch",
				"line": 15,
				"loc": {
					"start": { "line": 15, "column": 32 },
					"end": { "line": 15, "column": 44 }
				},
				"locations": [
					{
						"start": { "line": 15, "column": 32 },
						"end": { "line": 15, "column": 44 }
					}
				]
			},
			"3": {
				"type": "branch",
				"line": 19,
				"loc": {
					"start": { "line": 19, "column": 21 },
					"end": { "line": 24, "column": 3 }
				},
				"locations": [
					{
						"start": { "line": 19, "column": 21 },
						"end": { "line": 24, "column": 3 }
					}
				]
			},
			"4": {
				"type": "branch",
				"line": 39,
				"loc": {
					"start": { "line": 39, "column": 13 },
					"end": { "line": 39, "column": 33 }
				},
				"locations": [
					{
						"start": { "line": 39, "column": 13 },
						"end": { "line": 39, "column": 33 }
					}
				]
			}
		},
		"b": { "0": [8], "1": [1], "2": [33], "3": [1], "4": [1] },
		"fnMap": {
			"0": {
				"name": "DangerZoneSection",
				"decl": {
					"start": { "line": 14, "column": 0 },
					"end": { "line": 69, "column": 1 }
				},
				"loc": {
					"start": { "line": 14, "column": 0 },
					"end": { "line": 69, "column": 1 }
				},
				"line": 14
			},
			"1": {
				"name": "handleClear",
				"decl": {
					"start": { "line": 19, "column": 21 },
					"end": { "line": 24, "column": 3 }
				},
				"loc": {
					"start": { "line": 19, "column": 21 },
					"end": { "line": 24, "column": 3 }
				},
				"line": 19
			},
			"2": {
				"name": "onClick",
				"decl": {
					"start": { "line": 39, "column": 13 },
					"end": { "line": 39, "column": 33 }
				},
				"loc": {
					"start": { "line": 39, "column": 13 },
					"end": { "line": 39, "column": 33 }
				},
				"line": 39
			},
			"3": {
				"name": "onClose",
				"decl": {
					"start": { "line": 43, "column": 32 },
					"end": { "line": 43, "column": 54 }
				},
				"loc": {
					"start": { "line": 43, "column": 32 },
					"end": { "line": 43, "column": 54 }
				},
				"line": 43
			},
			"4": {
				"name": "onClick",
				"decl": {
					"start": { "line": 52, "column": 22 },
					"end": { "line": 52, "column": 44 }
				},
				"loc": {
					"start": { "line": 52, "column": 22 },
					"end": { "line": 52, "column": 44 }
				},
				"line": 52
			}
		},
		"f": { "0": 8, "1": 1, "2": 1, "3": 0, "4": 0 }
	},
	"/Users/ryan/git/lawn-cast/src/components/DecisionCard.stories.tsx": {
		"path": "/Users/ryan/git/lawn-cast/src/components/DecisionCard.stories.tsx",
		"all": true,
		"statementMap": {
			"0": {
				"start": { "line": 1, "column": 0 },
				"end": { "line": 1, "column": 53 }
			},
			"1": {
				"start": { "line": 2, "column": 0 },
				"end": { "line": 2, "column": 32 }
			},
			"2": {
				"start": { "line": 3, "column": 0 },
				"end": { "line": 3, "column": 42 }
			},
			"5": {
				"start": { "line": 6, "column": 0 },
				"end": { "line": 6, "column": 41 }
			},
			"6": {
				"start": { "line": 7, "column": 0 },
				"end": { "line": 7, "column": 34 }
			},
			"7": {
				"start": { "line": 8, "column": 0 },
				"end": { "line": 8, "column": 25 }
			},
			"8": {
				"start": { "line": 9, "column": 0 },
				"end": { "line": 9, "column": 14 }
			},
			"9": {
				"start": { "line": 10, "column": 0 },
				"end": { "line": 10, "column": 12 }
			},
			"10": {
				"start": { "line": 11, "column": 0 },
				"end": { "line": 11, "column": 44 }
			},
			"11": {
				"start": { "line": 12, "column": 0 },
				"end": { "line": 12, "column": 13 }
			},
			"12": {
				"start": { "line": 13, "column": 0 },
				"end": { "line": 13, "column": 19 }
			},
			"14": {
				"start": { "line": 15, "column": 0 },
				"end": { "line": 15, "column": 3 }
			},
			"15": {
				"start": { "line": 16, "column": 0 },
				"end": { "line": 16, "column": 2 }
			},
			"16": {
				"start": { "line": 17, "column": 0 },
				"end": { "line": 17, "column": 20 }
			},
			"20": {
				"start": { "line": 21, "column": 0 },
				"end": { "line": 21, "column": 31 }
			},
			"21": {
				"start": { "line": 22, "column": 0 },
				"end": { "line": 22, "column": 8 }
			},
			"22": {
				"start": { "line": 23, "column": 0 },
				"end": { "line": 23, "column": 17 }
			},
			"23": {
				"start": { "line": 24, "column": 0 },
				"end": { "line": 24, "column": 22 }
			},
			"24": {
				"start": { "line": 25, "column": 0 },
				"end": { "line": 25, "column": 20 }
			},
			"25": {
				"start": { "line": 26, "column": 0 },
				"end": { "line": 26, "column": 3 }
			},
			"26": {
				"start": { "line": 27, "column": 0 },
				"end": { "line": 27, "column": 2 }
			},
			"28": {
				"start": { "line": 29, "column": 0 },
				"end": { "line": 29, "column": 34 }
			},
			"29": {
				"start": { "line": 30, "column": 0 },
				"end": { "line": 30, "column": 8 }
			},
			"30": {
				"start": { "line": 31, "column": 0 },
				"end": { "line": 31, "column": 18 }
			},
			"31": {
				"start": { "line": 32, "column": 0 },
				"end": { "line": 32, "column": 22 }
			},
			"32": {
				"start": { "line": 33, "column": 0 },
				"end": { "line": 33, "column": 20 }
			},
			"33": {
				"start": { "line": 34, "column": 0 },
				"end": { "line": 34, "column": 3 }
			},
			"34": {
				"start": { "line": 35, "column": 0 },
				"end": { "line": 35, "column": 2 }
			}
		},
		"s": {
			"0": 0,
			"1": 0,
			"2": 0,
			"5": 0,
			"6": 0,
			"7": 0,
			"8": 0,
			"9": 0,
			"10": 0,
			"11": 0,
			"12": 0,
			"14": 0,
			"15": 0,
			"16": 0,
			"20": 0,
			"21": 0,
			"22": 0,
			"23": 0,
			"24": 0,
			"25": 0,
			"26": 0,
			"28": 0,
			"29": 0,
			"30": 0,
			"31": 0,
			"32": 0,
			"33": 0,
			"34": 0
		},
		"branchMap": {
			"0": {
				"type": "branch",
				"line": 1,
				"loc": {
					"start": { "line": 1, "column": 705 },
					"end": { "line": 35, "column": 2 }
				},
				"locations": [
					{
						"start": { "line": 1, "column": 705 },
						"end": { "line": 35, "column": 2 }
					}
				]
			}
		},
		"b": { "0": [0] },
		"fnMap": {
			"0": {
				"name": "(empty-report)",
				"decl": {
					"start": { "line": 1, "column": 705 },
					"end": { "line": 35, "column": 2 }
				},
				"loc": {
					"start": { "line": 1, "column": 705 },
					"end": { "line": 35, "column": 2 }
				},
				"line": 1
			}
		},
		"f": { "0": 0 }
	},
	"/Users/ryan/git/lawn-cast/src/components/DecisionCard.tsx": {
		"path": "/Users/ryan/git/lawn-cast/src/components/DecisionCard.tsx",
		"all": false,
		"statementMap": {
			"0": {
				"start": { "line": 1, "column": 0 },
				"end": { "line": 1, "column": 48 }
			},
			"8": {
				"start": { "line": 9, "column": 0 },
				"end": { "line": 9, "column": 38 }
			},
			"9": {
				"start": { "line": 10, "column": 0 },
				"end": { "line": 10, "column": 10 }
			},
			"10": {
				"start": { "line": 11, "column": 0 },
				"end": { "line": 11, "column": 16 }
			},
			"11": {
				"start": { "line": 12, "column": 0 },
				"end": { "line": 12, "column": 14 }
			},
			"12": {
				"start": { "line": 13, "column": 0 },
				"end": { "line": 13, "column": 23 }
			},
			"13": {
				"start": { "line": 14, "column": 0 },
				"end": { "line": 14, "column": 60 }
			},
			"14": {
				"start": { "line": 15, "column": 0 },
				"end": { "line": 15, "column": 32 }
			},
			"15": {
				"start": { "line": 16, "column": 0 },
				"end": { "line": 16, "column": 53 }
			},
			"16": {
				"start": { "line": 17, "column": 0 },
				"end": { "line": 17, "column": 55 }
			},
			"17": {
				"start": { "line": 18, "column": 0 },
				"end": { "line": 18, "column": 53 }
			},
			"18": {
				"start": { "line": 19, "column": 0 },
				"end": { "line": 19, "column": 9 }
			},
			"19": {
				"start": { "line": 20, "column": 0 },
				"end": { "line": 20, "column": 6 }
			},
			"20": {
				"start": { "line": 21, "column": 0 },
				"end": { "line": 21, "column": 8 }
			},
			"21": {
				"start": { "line": 22, "column": 0 },
				"end": { "line": 22, "column": 18 }
			},
			"22": {
				"start": { "line": 23, "column": 0 },
				"end": { "line": 23, "column": 16 }
			},
			"23": {
				"start": { "line": 24, "column": 0 },
				"end": { "line": 24, "column": 20 }
			},
			"24": {
				"start": { "line": 25, "column": 0 },
				"end": { "line": 25, "column": 28 }
			},
			"25": {
				"start": { "line": 26, "column": 0 },
				"end": { "line": 26, "column": 25 }
			},
			"26": {
				"start": { "line": 27, "column": 0 },
				"end": { "line": 27, "column": 29 }
			},
			"27": {
				"start": { "line": 28, "column": 0 },
				"end": { "line": 28, "column": 16 }
			},
			"28": {
				"start": { "line": 29, "column": 0 },
				"end": { "line": 29, "column": 24 }
			},
			"29": {
				"start": { "line": 30, "column": 0 },
				"end": { "line": 30, "column": 24 }
			},
			"30": {
				"start": { "line": 31, "column": 0 },
				"end": { "line": 31, "column": 20 }
			},
			"31": {
				"start": { "line": 32, "column": 0 },
				"end": { "line": 32, "column": 16 }
			},
			"32": {
				"start": { "line": 33, "column": 0 },
				"end": { "line": 33, "column": 24 }
			},
			"33": {
				"start": { "line": 34, "column": 0 },
				"end": { "line": 34, "column": 10 }
			},
			"34": {
				"start": { "line": 35, "column": 0 },
				"end": { "line": 35, "column": 5 }
			},
			"35": {
				"start": { "line": 36, "column": 0 },
				"end": { "line": 36, "column": 16 }
			},
			"36": {
				"start": { "line": 37, "column": 0 },
				"end": { "line": 37, "column": 39 }
			},
			"38": {
				"start": { "line": 39, "column": 0 },
				"end": { "line": 39, "column": 58 }
			},
			"39": {
				"start": { "line": 40, "column": 0 },
				"end": { "line": 40, "column": 47 }
			},
			"40": {
				"start": { "line": 41, "column": 0 },
				"end": { "line": 41, "column": 16 }
			},
			"41": {
				"start": { "line": 42, "column": 0 },
				"end": { "line": 42, "column": 31 }
			},
			"42": {
				"start": { "line": 43, "column": 0 },
				"end": { "line": 43, "column": 9 }
			},
			"43": {
				"start": { "line": 44, "column": 0 },
				"end": { "line": 44, "column": 100 }
			},
			"44": {
				"start": { "line": 45, "column": 0 },
				"end": { "line": 45, "column": 97 }
			},
			"45": {
				"start": { "line": 46, "column": 0 },
				"end": { "line": 46, "column": 16 }
			},
			"46": {
				"start": { "line": 47, "column": 0 },
				"end": { "line": 47, "column": 8 }
			},
			"48": {
				"start": { "line": 49, "column": 0 },
				"end": { "line": 49, "column": 1 }
			}
		},
		"s": {
			"0": 1,
			"8": 2,
			"9": 2,
			"10": 2,
			"11": 2,
			"12": 2,
			"13": 2,
			"14": 2,
			"15": 2,
			"16": 2,
			"17": 2,
			"18": 2,
			"19": 2,
			"20": 2,
			"21": 2,
			"22": 2,
			"23": 2,
			"24": 2,
			"25": 2,
			"26": 2,
			"27": 2,
			"28": 2,
			"29": 2,
			"30": 2,
			"31": 2,
			"32": 2,
			"33": 2,
			"34": 2,
			"35": 2,
			"36": 2,
			"38": 2,
			"39": 2,
			"40": 2,
			"41": 2,
			"42": 2,
			"43": 1,
			"44": 1,
			"45": 2,
			"46": 2,
			"48": 2
		},
		"branchMap": {
			"0": {
				"type": "branch",
				"line": 9,
				"loc": {
					"start": { "line": 9, "column": 0 },
					"end": { "line": 49, "column": 1 }
				},
				"locations": [
					{
						"start": { "line": 9, "column": 0 },
						"end": { "line": 49, "column": 1 }
					}
				]
			},
			"1": {
				"type": "branch",
				"line": 16,
				"loc": {
					"start": { "line": 16, "column": 12 },
					"end": { "line": 16, "column": 37 }
				},
				"locations": [
					{
						"start": { "line": 16, "column": 12 },
						"end": { "line": 16, "column": 37 }
					}
				]
			},
			"2": {
				"type": "branch",
				"line": 16,
				"loc": {
					"start": { "line": 16, "column": 19 },
					"end": { "line": 16, "column": 53 }
				},
				"locations": [
					{
						"start": { "line": 16, "column": 19 },
						"end": { "line": 16, "column": 53 }
					}
				]
			},
			"3": {
				"type": "branch",
				"line": 17,
				"loc": {
					"start": { "line": 17, "column": 16 },
					"end": { "line": 17, "column": 40 }
				},
				"locations": [
					{
						"start": { "line": 17, "column": 16 },
						"end": { "line": 17, "column": 40 }
					}
				]
			},
			"4": {
				"type": "branch",
				"line": 17,
				"loc": {
					"start": { "line": 17, "column": 23 },
					"end": { "line": 17, "column": 55 }
				},
				"locations": [
					{
						"start": { "line": 17, "column": 23 },
						"end": { "line": 17, "column": 55 }
					}
				]
			},
			"5": {
				"type": "branch",
				"line": 18,
				"loc": {
					"start": { "line": 18, "column": 14 },
					"end": { "line": 18, "column": 38 }
				},
				"locations": [
					{
						"start": { "line": 18, "column": 14 },
						"end": { "line": 18, "column": 38 }
					}
				]
			},
			"6": {
				"type": "branch",
				"line": 18,
				"loc": {
					"start": { "line": 18, "column": 21 },
					"end": { "line": 18, "column": 53 }
				},
				"locations": [
					{
						"start": { "line": 18, "column": 21 },
						"end": { "line": 18, "column": 53 }
					}
				]
			},
			"7": {
				"type": "branch",
				"line": 40,
				"loc": {
					"start": { "line": 40, "column": 5 },
					"end": { "line": 40, "column": 33 }
				},
				"locations": [
					{
						"start": { "line": 40, "column": 5 },
						"end": { "line": 40, "column": 33 }
					}
				]
			},
			"8": {
				"type": "branch",
				"line": 40,
				"loc": {
					"start": { "line": 40, "column": 12 },
					"end": { "line": 40, "column": 47 }
				},
				"locations": [
					{
						"start": { "line": 40, "column": 12 },
						"end": { "line": 40, "column": 47 }
					}
				]
			},
			"9": {
				"type": "branch",
				"line": 43,
				"loc": {
					"start": { "line": 43, "column": 5 },
					"end": { "line": 44, "column": 100 }
				},
				"locations": [
					{
						"start": { "line": 43, "column": 5 },
						"end": { "line": 44, "column": 100 }
					}
				]
			},
			"10": {
				"type": "branch",
				"line": 44,
				"loc": {
					"start": { "line": 44, "column": 96 },
					"end": { "line": 45, "column": 97 }
				},
				"locations": [
					{
						"start": { "line": 44, "column": 96 },
						"end": { "line": 45, "column": 97 }
					}
				]
			}
		},
		"b": {
			"0": [2],
			"1": [1],
			"2": [1],
			"3": [1],
			"4": [1],
			"5": [1],
			"6": [1],
			"7": [1],
			"8": [1],
			"9": [1],
			"10": [1]
		},
		"fnMap": {
			"0": {
				"name": "DecisionCard",
				"decl": {
					"start": { "line": 9, "column": 0 },
					"end": { "line": 49, "column": 1 }
				},
				"loc": {
					"start": { "line": 9, "column": 0 },
					"end": { "line": 49, "column": 1 }
				},
				"line": 9
			}
		},
		"f": { "0": 2 }
	},
	"/Users/ryan/git/lawn-cast/src/components/ExplanationSection.stories.tsx": {
		"path": "/Users/ryan/git/lawn-cast/src/components/ExplanationSection.stories.tsx",
		"all": true,
		"statementMap": {
			"0": {
				"start": { "line": 1, "column": 0 },
				"end": { "line": 1, "column": 53 }
			},
			"1": {
				"start": { "line": 2, "column": 0 },
				"end": { "line": 2, "column": 32 }
			},
			"2": {
				"start": { "line": 3, "column": 0 },
				"end": { "line": 3, "column": 54 }
			},
			"6": {
				"start": { "line": 7, "column": 0 },
				"end": { "line": 7, "column": 47 }
			},
			"7": {
				"start": { "line": 8, "column": 0 },
				"end": { "line": 8, "column": 40 }
			},
			"8": {
				"start": { "line": 9, "column": 0 },
				"end": { "line": 9, "column": 31 }
			},
			"9": {
				"start": { "line": 10, "column": 0 },
				"end": { "line": 10, "column": 14 }
			},
			"10": {
				"start": { "line": 11, "column": 0 },
				"end": { "line": 11, "column": 12 }
			},
			"11": {
				"start": { "line": 12, "column": 0 },
				"end": { "line": 12, "column": 44 }
			},
			"12": {
				"start": { "line": 13, "column": 0 },
				"end": { "line": 13, "column": 13 }
			},
			"13": {
				"start": { "line": 14, "column": 0 },
				"end": { "line": 14, "column": 19 }
			},
			"15": {
				"start": { "line": 16, "column": 0 },
				"end": { "line": 16, "column": 3 }
			},
			"16": {
				"start": { "line": 17, "column": 0 },
				"end": { "line": 17, "column": 2 }
			},
			"17": {
				"start": { "line": 18, "column": 0 },
				"end": { "line": 18, "column": 20 }
			},
			"21": {
				"start": { "line": 22, "column": 0 },
				"end": { "line": 22, "column": 45 }
			},
			"22": {
				"start": { "line": 23, "column": 0 },
				"end": { "line": 23, "column": 16 }
			},
			"23": {
				"start": { "line": 24, "column": 0 },
				"end": { "line": 24, "column": 21 }
			},
			"24": {
				"start": { "line": 25, "column": 0 },
				"end": { "line": 25, "column": 19 }
			},
			"25": {
				"start": { "line": 26, "column": 0 },
				"end": { "line": 26, "column": 15 }
			},
			"26": {
				"start": { "line": 27, "column": 0 },
				"end": { "line": 27, "column": 2 }
			},
			"28": {
				"start": { "line": 29, "column": 0 },
				"end": { "line": 29, "column": 46 }
			},
			"29": {
				"start": { "line": 30, "column": 0 },
				"end": { "line": 30, "column": 17 }
			},
			"30": {
				"start": { "line": 31, "column": 0 },
				"end": { "line": 31, "column": 21 }
			},
			"31": {
				"start": { "line": 32, "column": 0 },
				"end": { "line": 32, "column": 19 }
			},
			"32": {
				"start": { "line": 33, "column": 0 },
				"end": { "line": 33, "column": 15 }
			},
			"33": {
				"start": { "line": 34, "column": 0 },
				"end": { "line": 34, "column": 2 }
			},
			"35": {
				"start": { "line": 36, "column": 0 },
				"end": { "line": 36, "column": 31 }
			},
			"36": {
				"start": { "line": 37, "column": 0 },
				"end": { "line": 37, "column": 8 }
			},
			"37": {
				"start": { "line": 38, "column": 0 },
				"end": { "line": 38, "column": 23 }
			},
			"38": {
				"start": { "line": 39, "column": 0 },
				"end": { "line": 39, "column": 16 }
			},
			"39": {
				"start": { "line": 40, "column": 0 },
				"end": { "line": 40, "column": 20 }
			},
			"40": {
				"start": { "line": 41, "column": 0 },
				"end": { "line": 41, "column": 19 }
			},
			"41": {
				"start": { "line": 42, "column": 0 },
				"end": { "line": 42, "column": 3 }
			},
			"42": {
				"start": { "line": 43, "column": 0 },
				"end": { "line": 43, "column": 2 }
			},
			"44": {
				"start": { "line": 45, "column": 0 },
				"end": { "line": 45, "column": 34 }
			},
			"45": {
				"start": { "line": 46, "column": 0 },
				"end": { "line": 46, "column": 8 }
			},
			"46": {
				"start": { "line": 47, "column": 0 },
				"end": { "line": 47, "column": 24 }
			},
			"47": {
				"start": { "line": 48, "column": 0 },
				"end": { "line": 48, "column": 16 }
			},
			"48": {
				"start": { "line": 49, "column": 0 },
				"end": { "line": 49, "column": 20 }
			},
			"49": {
				"start": { "line": 50, "column": 0 },
				"end": { "line": 50, "column": 19 }
			},
			"50": {
				"start": { "line": 51, "column": 0 },
				"end": { "line": 51, "column": 3 }
			},
			"51": {
				"start": { "line": 52, "column": 0 },
				"end": { "line": 52, "column": 2 }
			}
		},
		"s": {
			"0": 0,
			"1": 0,
			"2": 0,
			"6": 0,
			"7": 0,
			"8": 0,
			"9": 0,
			"10": 0,
			"11": 0,
			"12": 0,
			"13": 0,
			"15": 0,
			"16": 0,
			"17": 0,
			"21": 0,
			"22": 0,
			"23": 0,
			"24": 0,
			"25": 0,
			"26": 0,
			"28": 0,
			"29": 0,
			"30": 0,
			"31": 0,
			"32": 0,
			"33": 0,
			"35": 0,
			"36": 0,
			"37": 0,
			"38": 0,
			"39": 0,
			"40": 0,
			"41": 0,
			"42": 0,
			"44": 0,
			"45": 0,
			"46": 0,
			"47": 0,
			"48": 0,
			"49": 0,
			"50": 0,
			"51": 0
		},
		"branchMap": {
			"0": {
				"type": "branch",
				"line": 1,
				"loc": {
					"start": { "line": 1, "column": 1097 },
					"end": { "line": 52, "column": 2 }
				},
				"locations": [
					{
						"start": { "line": 1, "column": 1097 },
						"end": { "line": 52, "column": 2 }
					}
				]
			}
		},
		"b": { "0": [0] },
		"fnMap": {
			"0": {
				"name": "(empty-report)",
				"decl": {
					"start": { "line": 1, "column": 1097 },
					"end": { "line": 52, "column": 2 }
				},
				"loc": {
					"start": { "line": 1, "column": 1097 },
					"end": { "line": 52, "column": 2 }
				},
				"line": 1
			}
		},
		"f": { "0": 0 }
	},
	"/Users/ryan/git/lawn-cast/src/components/ExplanationSection.tsx": {
		"path": "/Users/ryan/git/lawn-cast/src/components/ExplanationSection.tsx",
		"all": false,
		"statementMap": {
			"0": {
				"start": { "line": 1, "column": 0 },
				"end": { "line": 1, "column": 62 }
			},
			"10": {
				"start": { "line": 11, "column": 0 },
				"end": { "line": 11, "column": 44 }
			},
			"11": {
				"start": { "line": 12, "column": 0 },
				"end": { "line": 12, "column": 10 }
			},
			"12": {
				"start": { "line": 13, "column": 0 },
				"end": { "line": 13, "column": 10 }
			},
			"13": {
				"start": { "line": 14, "column": 0 },
				"end": { "line": 14, "column": 14 }
			},
			"14": {
				"start": { "line": 15, "column": 0 },
				"end": { "line": 15, "column": 13 }
			},
			"15": {
				"start": { "line": 16, "column": 0 },
				"end": { "line": 16, "column": 29 }
			},
			"16": {
				"start": { "line": 17, "column": 0 },
				"end": { "line": 17, "column": 9 }
			},
			"17": {
				"start": { "line": 18, "column": 0 },
				"end": { "line": 18, "column": 8 }
			},
			"18": {
				"start": { "line": 19, "column": 0 },
				"end": { "line": 19, "column": 21 }
			},
			"19": {
				"start": { "line": 20, "column": 0 },
				"end": { "line": 20, "column": 8 }
			},
			"20": {
				"start": { "line": 21, "column": 0 },
				"end": { "line": 21, "column": 24 }
			},
			"21": {
				"start": { "line": 22, "column": 0 },
				"end": { "line": 22, "column": 32 }
			},
			"22": {
				"start": { "line": 23, "column": 0 },
				"end": { "line": 23, "column": 20 }
			},
			"23": {
				"start": { "line": 24, "column": 0 },
				"end": { "line": 24, "column": 22 }
			},
			"24": {
				"start": { "line": 25, "column": 0 },
				"end": { "line": 25, "column": 5 }
			},
			"26": {
				"start": { "line": 27, "column": 0 },
				"end": { "line": 27, "column": 65 }
			},
			"28": {
				"start": { "line": 29, "column": 0 },
				"end": { "line": 29, "column": 16 }
			},
			"29": {
				"start": { "line": 30, "column": 0 },
				"end": { "line": 30, "column": 46 }
			},
			"30": {
				"start": { "line": 31, "column": 0 },
				"end": { "line": 31, "column": 31 }
			},
			"31": {
				"start": { "line": 32, "column": 0 },
				"end": { "line": 32, "column": 105 }
			},
			"32": {
				"start": { "line": 33, "column": 0 },
				"end": { "line": 33, "column": 113 }
			},
			"33": {
				"start": { "line": 34, "column": 0 },
				"end": { "line": 34, "column": 16 }
			},
			"34": {
				"start": { "line": 35, "column": 0 },
				"end": { "line": 35, "column": 9 }
			},
			"35": {
				"start": { "line": 36, "column": 0 },
				"end": { "line": 36, "column": 19 }
			},
			"36": {
				"start": { "line": 37, "column": 0 },
				"end": { "line": 37, "column": 15 }
			},
			"37": {
				"start": { "line": 38, "column": 0 },
				"end": { "line": 38, "column": 34 }
			},
			"38": {
				"start": { "line": 39, "column": 0 },
				"end": { "line": 39, "column": 27 }
			},
			"39": {
				"start": { "line": 40, "column": 0 },
				"end": { "line": 40, "column": 33 }
			},
			"41": {
				"start": { "line": 42, "column": 0 },
				"end": { "line": 42, "column": 65 }
			},
			"42": {
				"start": { "line": 43, "column": 0 },
				"end": { "line": 43, "column": 14 }
			},
			"43": {
				"start": { "line": 44, "column": 0 },
				"end": { "line": 44, "column": 21 }
			},
			"44": {
				"start": { "line": 45, "column": 0 },
				"end": { "line": 45, "column": 25 }
			},
			"45": {
				"start": { "line": 46, "column": 0 },
				"end": { "line": 46, "column": 21 }
			},
			"46": {
				"start": { "line": 47, "column": 0 },
				"end": { "line": 47, "column": 6 }
			},
			"47": {
				"start": { "line": 48, "column": 0 },
				"end": { "line": 48, "column": 14 }
			},
			"48": {
				"start": { "line": 49, "column": 0 },
				"end": { "line": 49, "column": 19 }
			},
			"49": {
				"start": { "line": 50, "column": 0 },
				"end": { "line": 50, "column": 24 }
			},
			"50": {
				"start": { "line": 51, "column": 0 },
				"end": { "line": 51, "column": 25 }
			},
			"51": {
				"start": { "line": 52, "column": 0 },
				"end": { "line": 52, "column": 6 }
			},
			"52": {
				"start": { "line": 53, "column": 0 },
				"end": { "line": 53, "column": 11 }
			},
			"53": {
				"start": { "line": 54, "column": 0 },
				"end": { "line": 54, "column": 56 }
			},
			"54": {
				"start": { "line": 55, "column": 0 },
				"end": { "line": 55, "column": 67 }
			},
			"55": {
				"start": { "line": 56, "column": 0 },
				"end": { "line": 56, "column": 57 }
			},
			"56": {
				"start": { "line": 57, "column": 0 },
				"end": { "line": 57, "column": 16 }
			},
			"57": {
				"start": { "line": 58, "column": 0 },
				"end": { "line": 58, "column": 89 }
			},
			"59": {
				"start": { "line": 60, "column": 0 },
				"end": { "line": 60, "column": 16 }
			},
			"60": {
				"start": { "line": 61, "column": 0 },
				"end": { "line": 61, "column": 10 }
			},
			"62": {
				"start": { "line": 63, "column": 0 },
				"end": { "line": 63, "column": 1 }
			},
			"64": {
				"start": { "line": 65, "column": 0 },
				"end": { "line": 65, "column": 20 }
			},
			"65": {
				"start": { "line": 66, "column": 0 },
				"end": { "line": 66, "column": 7 }
			},
			"66": {
				"start": { "line": 67, "column": 0 },
				"end": { "line": 67, "column": 7 }
			},
			"67": {
				"start": { "line": 68, "column": 0 },
				"end": { "line": 68, "column": 7 }
			},
			"68": {
				"start": { "line": 69, "column": 0 },
				"end": { "line": 69, "column": 4 }
			},
			"72": {
				"start": { "line": 73, "column": 0 },
				"end": { "line": 73, "column": 4 }
			},
			"73": {
				"start": { "line": 74, "column": 0 },
				"end": { "line": 74, "column": 9 }
			},
			"74": {
				"start": { "line": 75, "column": 0 },
				"end": { "line": 75, "column": 57 }
			},
			"75": {
				"start": { "line": 76, "column": 0 },
				"end": { "line": 76, "column": 64 }
			},
			"76": {
				"start": { "line": 77, "column": 0 },
				"end": { "line": 77, "column": 11 }
			},
			"77": {
				"start": { "line": 78, "column": 0 },
				"end": { "line": 78, "column": 16 }
			},
			"78": {
				"start": { "line": 79, "column": 0 },
				"end": { "line": 79, "column": 7 }
			},
			"79": {
				"start": { "line": 80, "column": 0 },
				"end": { "line": 80, "column": 9 }
			},
			"80": {
				"start": { "line": 81, "column": 0 },
				"end": { "line": 81, "column": 20 }
			},
			"81": {
				"start": { "line": 82, "column": 0 },
				"end": { "line": 82, "column": 31 }
			},
			"82": {
				"start": { "line": 83, "column": 0 },
				"end": { "line": 83, "column": 21 }
			},
			"83": {
				"start": { "line": 84, "column": 0 },
				"end": { "line": 84, "column": 13 }
			},
			"84": {
				"start": { "line": 85, "column": 0 },
				"end": { "line": 85, "column": 11 }
			},
			"85": {
				"start": { "line": 86, "column": 0 },
				"end": { "line": 86, "column": 21 }
			},
			"86": {
				"start": { "line": 87, "column": 0 },
				"end": { "line": 87, "column": 18 }
			},
			"87": {
				"start": { "line": 88, "column": 0 },
				"end": { "line": 88, "column": 18 }
			},
			"88": {
				"start": { "line": 89, "column": 0 },
				"end": { "line": 89, "column": 25 }
			},
			"89": {
				"start": { "line": 90, "column": 0 },
				"end": { "line": 90, "column": 6 }
			},
			"91": {
				"start": { "line": 92, "column": 0 },
				"end": { "line": 92, "column": 28 }
			},
			"92": {
				"start": { "line": 93, "column": 0 },
				"end": { "line": 93, "column": 9 }
			},
			"93": {
				"start": { "line": 94, "column": 0 },
				"end": { "line": 94, "column": 10 }
			},
			"95": {
				"start": { "line": 96, "column": 0 },
				"end": { "line": 96, "column": 1 }
			}
		},
		"s": {
			"0": 1,
			"10": 2,
			"11": 2,
			"12": 2,
			"13": 2,
			"14": 2,
			"15": 2,
			"16": 2,
			"17": 2,
			"18": 2,
			"19": 2,
			"20": 2,
			"21": 2,
			"22": 2,
			"23": 2,
			"24": 2,
			"26": 2,
			"28": 2,
			"29": 2,
			"30": 2,
			"31": 1,
			"32": 1,
			"33": 2,
			"34": 2,
			"35": 2,
			"36": 2,
			"37": 2,
			"38": 2,
			"39": 2,
			"41": 2,
			"42": 2,
			"43": 2,
			"44": 2,
			"45": 2,
			"46": 2,
			"47": 2,
			"48": 2,
			"49": 2,
			"50": 2,
			"51": 2,
			"52": 2,
			"53": 2,
			"54": 2,
			"55": 2,
			"56": 2,
			"57": 2,
			"59": 2,
			"60": 2,
			"62": 2,
			"64": 6,
			"65": 6,
			"66": 6,
			"67": 6,
			"68": 6,
			"72": 6,
			"73": 6,
			"74": 6,
			"75": 6,
			"76": 6,
			"77": 6,
			"78": 6,
			"79": 6,
			"80": 6,
			"81": 6,
			"82": 6,
			"83": 6,
			"84": 6,
			"85": 6,
			"86": 6,
			"87": 6,
			"88": 6,
			"89": 6,
			"91": 6,
			"92": 6,
			"93": 6,
			"95": 6
		},
		"branchMap": {
			"0": {
				"type": "branch",
				"line": 11,
				"loc": {
					"start": { "line": 11, "column": 0 },
					"end": { "line": 63, "column": 1 }
				},
				"locations": [
					{
						"start": { "line": 11, "column": 0 },
						"end": { "line": 63, "column": 1 }
					}
				]
			},
			"1": {
				"type": "branch",
				"line": 31,
				"loc": {
					"start": { "line": 31, "column": 27 },
					"end": { "line": 32, "column": 105 }
				},
				"locations": [
					{
						"start": { "line": 31, "column": 27 },
						"end": { "line": 32, "column": 105 }
					}
				]
			},
			"2": {
				"type": "branch",
				"line": 32,
				"loc": {
					"start": { "line": 32, "column": 7 },
					"end": { "line": 33, "column": 113 }
				},
				"locations": [
					{
						"start": { "line": 32, "column": 7 },
						"end": { "line": 33, "column": 113 }
					}
				]
			},
			"3": {
				"type": "branch",
				"line": 65,
				"loc": {
					"start": { "line": 65, "column": 0 },
					"end": { "line": 96, "column": 1 }
				},
				"locations": [
					{
						"start": { "line": 65, "column": 0 },
						"end": { "line": 96, "column": 1 }
					}
				]
			}
		},
		"b": { "0": [2], "1": [1], "2": [1], "3": [6] },
		"fnMap": {
			"0": {
				"name": "ExplanationSection",
				"decl": {
					"start": { "line": 11, "column": 0 },
					"end": { "line": 63, "column": 1 }
				},
				"loc": {
[...]
				"end": { "line": 153, "column": 11 }
			},
			"153": {
				"start": { "line": 154, "column": 0 },
				"end": { "line": 154, "column": 9 }
			},
			"154": {
				"start": { "line": 155, "column": 0 },
				"end": { "line": 155, "column": 17 }
			},
			"155": {
				"start": { "line": 156, "column": 0 },
				"end": { "line": 156, "column": 9 }
			},
			"156": {
				"start": { "line": 157, "column": 0 },
				"end": { "line": 157, "column": 21 }
			},
			"157": {
				"start": { "line": 158, "column": 0 },
				"end": { "line": 158, "column": 10 }
			},
			"158": {
				"start": { "line": 159, "column": 0 },
				"end": { "line": 159, "column": 21 }
			},
			"159": {
				"start": { "line": 160, "column": 0 },
				"end": { "line": 160, "column": 26 }
			},
			"160": {
				"start": { "line": 161, "column": 0 },
				"end": { "line": 161, "column": 19 }
			},
			"161": {
				"start": { "line": 162, "column": 0 },
				"end": { "line": 162, "column": 19 }
			},
			"162": {
				"start": { "line": 163, "column": 0 },
				"end": { "line": 163, "column": 39 }
			},
			"163": {
				"start": { "line": 164, "column": 0 },
				"end": { "line": 164, "column": 25 }
			},
			"164": {
				"start": { "line": 165, "column": 0 },
				"end": { "line": 165, "column": 28 }
			},
			"165": {
				"start": { "line": 166, "column": 0 },
				"end": { "line": 166, "column": 23 }
			},
			"166": {
				"start": { "line": 167, "column": 0 },
				"end": { "line": 167, "column": 6 }
			},
			"168": {
				"start": { "line": 169, "column": 0 },
				"end": { "line": 169, "column": 16 }
			},
			"169": {
				"start": { "line": 170, "column": 0 },
				"end": { "line": 170, "column": 14 }
			},
			"170": {
				"start": { "line": 171, "column": 0 },
				"end": { "line": 171, "column": 23 }
			},
			"171": {
				"start": { "line": 172, "column": 0 },
				"end": { "line": 172, "column": 17 }
			},
			"172": {
				"start": { "line": 173, "column": 0 },
				"end": { "line": 173, "column": 18 }
			},
			"173": {
				"start": { "line": 174, "column": 0 },
				"end": { "line": 174, "column": 22 }
			},
			"174": {
				"start": { "line": 175, "column": 0 },
				"end": { "line": 175, "column": 7 }
			},
			"176": {
				"start": { "line": 177, "column": 0 },
				"end": { "line": 177, "column": 18 }
			},
			"177": {
				"start": { "line": 178, "column": 0 },
				"end": { "line": 178, "column": 25 }
			},
			"178": {
				"start": { "line": 179, "column": 0 },
				"end": { "line": 179, "column": 17 }
			},
			"179": {
				"start": { "line": 180, "column": 0 },
				"end": { "line": 180, "column": 29 }
			},
			"180": {
				"start": { "line": 181, "column": 0 },
				"end": { "line": 181, "column": 80 }
			},
			"181": {
				"start": { "line": 182, "column": 0 },
				"end": { "line": 182, "column": 12 }
			},
			"183": {
				"start": { "line": 184, "column": 0 },
				"end": { "line": 184, "column": 21 }
			},
			"184": {
				"start": { "line": 185, "column": 0 },
				"end": { "line": 185, "column": 29 }
			},
			"185": {
				"start": { "line": 186, "column": 0 },
				"end": { "line": 186, "column": 51 }
			},
			"186": {
				"start": { "line": 187, "column": 0 },
				"end": { "line": 187, "column": 12 }
			},
			"188": {
				"start": { "line": 189, "column": 0 },
				"end": { "line": 189, "column": 56 }
			},
			"189": {
				"start": { "line": 190, "column": 0 },
				"end": { "line": 190, "column": 23 }
			},
			"190": {
				"start": { "line": 191, "column": 0 },
				"end": { "line": 191, "column": 68 }
			},
			"191": {
				"start": { "line": 192, "column": 0 },
				"end": { "line": 192, "column": 9 }
			},
			"192": {
				"start": { "line": 193, "column": 0 },
				"end": { "line": 193, "column": 9 }
			},
			"193": {
				"start": { "line": 194, "column": 0 },
				"end": { "line": 194, "column": 43 }
			},
			"194": {
				"start": { "line": 195, "column": 0 },
				"end": { "line": 195, "column": 8 }
			},
			"197": {
				"start": { "line": 198, "column": 0 },
				"end": { "line": 198, "column": 11 }
			},
			"198": {
				"start": { "line": 199, "column": 0 },
				"end": { "line": 199, "column": 9 }
			},
			"199": {
				"start": { "line": 200, "column": 0 },
				"end": { "line": 200, "column": 17 }
			},
			"200": {
				"start": { "line": 201, "column": 0 },
				"end": { "line": 201, "column": 9 }
			},
			"201": {
				"start": { "line": 202, "column": 0 },
				"end": { "line": 202, "column": 21 }
			},
			"202": {
				"start": { "line": 203, "column": 0 },
				"end": { "line": 203, "column": 10 }
			},
			"203": {
				"start": { "line": 204, "column": 0 },
				"end": { "line": 204, "column": 20 }
			},
			"204": {
				"start": { "line": 205, "column": 0 },
				"end": { "line": 205, "column": 19 }
			},
			"205": {
				"start": { "line": 206, "column": 0 },
				"end": { "line": 206, "column": 39 }
			},
			"206": {
				"start": { "line": 207, "column": 0 },
				"end": { "line": 207, "column": 25 }
			},
			"207": {
				"start": { "line": 208, "column": 0 },
				"end": { "line": 208, "column": 28 }
			},
			"208": {
				"start": { "line": 209, "column": 0 },
				"end": { "line": 209, "column": 23 }
			},
			"209": {
				"start": { "line": 210, "column": 0 },
				"end": { "line": 210, "column": 6 }
			},
			"211": {
				"start": { "line": 212, "column": 0 },
				"end": { "line": 212, "column": 16 }
			},
			"212": {
				"start": { "line": 213, "column": 0 },
				"end": { "line": 213, "column": 24 }
			},
			"213": {
				"start": { "line": 214, "column": 0 },
				"end": { "line": 214, "column": 59 }
			},
			"214": {
				"start": { "line": 215, "column": 0 },
				"end": { "line": 215, "column": 59 }
			},
			"215": {
				"start": { "line": 216, "column": 0 },
				"end": { "line": 216, "column": 59 }
			},
			"216": {
				"start": { "line": 217, "column": 0 },
				"end": { "line": 217, "column": 13 }
			},
			"218": {
				"start": { "line": 219, "column": 0 },
				"end": { "line": 219, "column": 18 }
			},
			"219": {
				"start": { "line": 220, "column": 0 },
				"end": { "line": 220, "column": 25 }
			},
			"220": {
				"start": { "line": 221, "column": 0 },
				"end": { "line": 221, "column": 26 }
			},
			"221": {
				"start": { "line": 222, "column": 0 },
				"end": { "line": 222, "column": 17 }
			},
			"222": {
				"start": { "line": 223, "column": 0 },
				"end": { "line": 223, "column": 29 }
			},
			"223": {
				"start": { "line": 224, "column": 0 },
				"end": { "line": 224, "column": 80 }
			},
			"224": {
				"start": { "line": 225, "column": 0 },
				"end": { "line": 225, "column": 12 }
			},
			"226": {
				"start": { "line": 227, "column": 0 },
				"end": { "line": 227, "column": 21 }
			},
			"227": {
				"start": { "line": 228, "column": 0 },
				"end": { "line": 228, "column": 29 }
			},
			"228": {
				"start": { "line": 229, "column": 0 },
				"end": { "line": 229, "column": 51 }
			},
			"229": {
				"start": { "line": 230, "column": 0 },
				"end": { "line": 230, "column": 12 }
			},
			"231": {
				"start": { "line": 232, "column": 0 },
				"end": { "line": 232, "column": 56 }
			},
			"232": {
				"start": { "line": 233, "column": 0 },
				"end": { "line": 233, "column": 23 }
			},
			"233": {
				"start": { "line": 234, "column": 0 },
				"end": { "line": 234, "column": 68 }
			},
			"234": {
				"start": { "line": 235, "column": 0 },
				"end": { "line": 235, "column": 9 }
			},
			"235": {
				"start": { "line": 236, "column": 0 },
				"end": { "line": 236, "column": 9 }
			},
			"236": {
				"start": { "line": 237, "column": 0 },
				"end": { "line": 237, "column": 8 }
			},
			"239": {
				"start": { "line": 240, "column": 0 },
				"end": { "line": 240, "column": 11 }
			},
			"240": {
				"start": { "line": 241, "column": 0 },
				"end": { "line": 241, "column": 15 }
			},
			"242": {
				"start": { "line": 243, "column": 0 },
				"end": { "line": 243, "column": 1 }
			}
		},
		"s": {
			"0": 1,
			"1": 1,
			"2": 1,
			"4": 1,
			"5": 1,
			"6": 1,
			"7": 1,
			"8": 1,
			"9": 1,
			"10": 1,
			"14": 1,
			"15": 0,
			"16": 0,
			"17": 0,
			"18": 0,
			"19": 0,
			"20": 0,
			"21": 0,
			"22": 0,
			"23": 0,
			"25": 1,
			"26": 1,
			"27": 1,
			"28": 1,
			"29": 1,
			"30": 1,
			"31": 1,
			"32": 1,
			"34": 1,
			"35": 1,
			"36": 1,
			"37": 0,
			"38": 0,
			"39": 0,
			"40": 0,
			"42": 0,
			"43": 0,
			"44": 0,
			"45": 0,
			"46": 0,
			"47": 0,
			"48": 0,
			"49": 0,
			"50": 0,
			"52": 0,
			"53": 0,
			"54": 0,
			"55": 0,
			"56": 0,
			"57": 0,
			"58": 0,
			"59": 0,
			"60": 0,
			"61": 0,
			"62": 0,
			"63": 0,
			"64": 0,
			"65": 0,
			"66": 0,
			"67": 0,
			"68": 0,
			"69": 0,
			"70": 0,
			"71": 0,
			"72": 0,
			"73": 0,
			"75": 0,
			"76": 0,
			"77": 0,
			"78": 1,
			"79": 1,
			"81": 1,
			"84": 1,
			"85": 0,
			"86": 0,
			"87": 0,
			"88": 0,
			"89": 0,
			"90": 0,
			"91": 0,
			"93": 1,
			"95": 1,
			"96": 0,
			"97": 0,
			"98": 0,
			"99": 0,
			"100": 0,
			"101": 0,
			"102": 0,
			"103": 0,
			"104": 0,
			"105": 0,
			"106": 0,
			"107": 0,
			"108": 0,
			"109": 0,
			"110": 0,
			"111": 0,
			"112": 0,
			"113": 0,
			"114": 0,
			"115": 0,
			"116": 0,
			"117": 0,
			"118": 1,
			"119": 1,
			"120": 1,
			"122": 1,
			"123": 1,
			"124": 1,
			"125": 1,
			"126": 1,
			"127": 1,
			"128": 1,
			"129": 1,
			"130": 1,
			"131": 1,
			"132": 1,
			"133": 1,
			"134": 1,
			"135": 1,
			"137": 1,
			"138": 1,
			"139": 1,
			"140": 1,
			"141": 1,
			"142": 1,
			"144": 0,
			"145": 0,
			"146": 0,
			"147": 0,
			"148": 0,
			"149": 0,
			"152": 1,
			"153": 1,
			"154": 1,
			"155": 1,
			"156": 1,
			"157": 1,
			"158": 1,
			"159": 1,
			"160": 1,
			"161": 1,
			"162": 1,
			"163": 1,
			"164": 1,
			"165": 1,
			"166": 1,
			"168": 1,
			"169": 1,
			"170": 1,
			"171": 1,
			"172": 1,
			"173": 1,
			"174": 1,
			"176": 0,
			"177": 0,
			"178": 0,
			"179": 0,
			"180": 0,
			"181": 0,
			"183": 0,
			"184": 0,
			"185": 0,
			"186": 0,
			"188": 0,
			"189": 0,
			"190": 0,
			"191": 0,
			"192": 0,
			"193": 0,
			"194": 0,
			"197": 1,
			"198": 1,
			"199": 1,
			"200": 1,
			"201": 1,
			"202": 1,
			"203": 1,
			"204": 1,
			"205": 1,
			"206": 1,
			"207": 1,
			"208": 1,
			"209": 1,
			"211": 1,
			"212": 1,
			"213": 1,
			"214": 1,
			"215": 1,
			"216": 1,
			"218": 0,
			"219": 0,
			"220": 0,
			"221": 0,
			"222": 0,
			"223": 0,
			"224": 0,
			"226": 0,
			"227": 0,
			"228": 0,
			"229": 0,
			"231": 0,
			"232": 0,
			"233": 0,
			"234": 0,
			"235": 0,
			"236": 0,
			"239": 1,
			"240": 1,
			"242": 1
		},
		"branchMap": {
			"0": {
				"type": "branch",
				"line": 26,
				"loc": {
					"start": { "line": 26, "column": 0 },
					"end": { "line": 243, "column": 1 }
				},
				"locations": [
					{
						"start": { "line": 26, "column": 0 },
						"end": { "line": 243, "column": 1 }
					}
				]
			},
			"1": {
				"type": "branch",
				"line": 143,
				"loc": {
					"start": { "line": 143, "column": 5 },
					"end": { "line": 150, "column": 8 }
				},
				"locations": [
					{
						"start": { "line": 143, "column": 5 },
						"end": { "line": 150, "column": 8 }
					}
				]
			},
			"2": {
				"type": "branch",
				"line": 175,
				"loc": {
					"start": { "line": 175, "column": 5 },
					"end": { "line": 195, "column": 8 }
				},
				"locations": [
					{
						"start": { "line": 175, "column": 5 },
						"end": { "line": 195, "column": 8 }
					}
				]
			},
			"3": {
				"type": "branch",
				"line": 217,
				"loc": {
					"start": { "line": 217, "column": 5 },
					"end": { "line": 237, "column": 8 }
				},
				"locations": [
					{
						"start": { "line": 217, "column": 5 },
						"end": { "line": 237, "column": 8 }
					}
				]
			},
			"4": {
				"type": "branch",
				"line": 31,
				"loc": {
					"start": { "line": 31, "column": 35 },
					"end": { "line": 31, "column": 50 }
				},
				"locations": [
					{
						"start": { "line": 31, "column": 35 },
						"end": { "line": 31, "column": 50 }
					}
				]
			},
			"5": {
				"type": "branch",
				"line": 32,
				"loc": {
					"start": { "line": 32, "column": 34 },
					"end": { "line": 32, "column": 48 }
				},
				"locations": [
					{
						"start": { "line": 32, "column": 34 },
						"end": { "line": 32, "column": 48 }
					}
				]
			},
			"6": {
				"type": "branch",
				"line": 33,
				"loc": {
					"start": { "line": 33, "column": 32 },
					"end": { "line": 33, "column": 44 }
				},
				"locations": [
					{
						"start": { "line": 33, "column": 32 },
						"end": { "line": 33, "column": 44 }
					}
				]
			},
			"7": {
				"type": "branch",
				"line": 35,
				"loc": {
					"start": { "line": 35, "column": 11 },
					"end": { "line": 82, "column": 4 }
				},
				"locations": [
					{
						"start": { "line": 35, "column": 11 },
						"end": { "line": 82, "column": 4 }
					}
				]
			},
			"8": {
				"type": "branch",
				"line": 36,
				"loc": {
					"start": { "line": 36, "column": 2 },
					"end": { "line": 79, "column": 3 }
				},
				"locations": [
					{
						"start": { "line": 36, "column": 2 },
						"end": { "line": 79, "column": 3 }
					}
				]
			},
			"9": {
				"type": "branch",
				"line": 37,
				"loc": {
					"start": { "line": 37, "column": 17 },
					"end": { "line": 37, "column": 41 }
				},
				"locations": [
					{
						"start": { "line": 37, "column": 17 },
						"end": { "line": 37, "column": 41 }
					}
				]
			},
			"10": {
				"type": "branch",
				"line": 37,
				"loc": {
					"start": { "line": 37, "column": 34 },
					"end": { "line": 37, "column": 56 }
				},
				"locations": [
					{
						"start": { "line": 37, "column": 34 },
						"end": { "line": 37, "column": 56 }
					}
				]
			},
			"11": {
				"type": "branch",
				"line": 37,
				"loc": {
					"start": { "line": 37, "column": 56 },
					"end": { "line": 78, "column": 4 }
				},
				"locations": [
					{
						"start": { "line": 37, "column": 56 },
						"end": { "line": 78, "column": 4 }
					}
				]
			},
			"12": {
				"type": "branch",
				"line": 94,
				"loc": {
					"start": { "line": 94, "column": 11 },
					"end": { "line": 121, "column": 4 }
				},
				"locations": [
					{
						"start": { "line": 94, "column": 11 },
						"end": { "line": 121, "column": 4 }
					}
				]
			}
		},
		"b": {
			"0": [1],
			"1": [0],
			"2": [0],
			"3": [0],
			"4": [3],
			"5": [3],
			"6": [3],
			"7": [1],
			"8": [1],
			"9": [0],
			"10": [0],
			"11": [0],
			"12": [1]
		},
		"fnMap": {
			"0": {
				"name": "getCachedWeatherData",
				"decl": {
					"start": { "line": 16, "column": 0 },
					"end": { "line": 21, "column": 1 }
				},
				"loc": {
					"start": { "line": 16, "column": 0 },
					"end": { "line": 21, "column": 1 }
				},
				"line": 16
			},
			"1": {
				"name": "setWeatherCache",
				"decl": {
					"start": { "line": 22, "column": 0 },
					"end": { "line": 24, "column": 1 }
				},
				"loc": {
					"start": { "line": 22, "column": 0 },
					"end": { "line": 24, "column": 1 }
				},
				"line": 22
			},
			"2": {
				"name": "HomePage",
				"decl": {
					"start": { "line": 26, "column": 0 },
					"end": { "line": 243, "column": 1 }
				},
				"loc": {
					"start": { "line": 26, "column": 0 },
					"end": { "line": 243, "column": 1 }
				},
				"line": 26
			},
			"3": {
				"name": "fetchWeatherIfNeeded",
				"decl": {
					"start": { "line": 36, "column": 2 },
					"end": { "line": 79, "column": 3 }
				},
				"loc": {
					"start": { "line": 36, "column": 2 },
					"end": { "line": 79, "column": 3 }
				},
				"line": 36
			},
			"4": {
				"name": "sumForecastForWeek",
				"decl": {
					"start": { "line": 85, "column": 1 },
					"end": { "line": 92, "column": 2 }
				},
				"loc": {
					"start": { "line": 85, "column": 1 },
					"end": { "line": 92, "column": 2 }
				},
				"line": 85
			}
		},
		"f": { "0": 0, "1": 0, "2": 1, "3": 1, "4": 0 }
	},
	"/Users/ryan/git/lawn-cast/src/pages/LogPage.tsx": {
		"path": "/Users/ryan/git/lawn-cast/src/pages/LogPage.tsx",
		"all": false,
		"statementMap": {
			"0": {
				"start": { "line": 1, "column": 0 },
				"end": { "line": 1, "column": 54 }
			},
			"1": {
				"start": { "line": 2, "column": 0 },
				"end": { "line": 2, "column": 50 }
			},
			"3": {
				"start": { "line": 4, "column": 0 },
				"end": { "line": 4, "column": 35 }
			},
			"4": {
				"start": { "line": 5, "column": 0 },
				"end": { "line": 5, "column": 9 }
			},
			"5": {
				"start": { "line": 6, "column": 0 },
				"end": { "line": 6, "column": 66 }
			},
			"6": {
				"start": { "line": 7, "column": 0 },
				"end": { "line": 7, "column": 19 }
			},
			"7": {
				"start": { "line": 8, "column": 0 },
				"end": { "line": 8, "column": 15 }
			},
			"9": {
				"start": { "line": 10, "column": 0 },
				"end": { "line": 10, "column": 1 }
			}
		},
		"s": { "0": 1, "1": 1, "3": 0, "4": 0, "5": 0, "6": 0, "7": 0, "9": 0 },
		"branchMap": {},
		"b": {},
		"fnMap": {
			"0": {
				"name": "LogPage",
				"decl": {
					"start": { "line": 4, "column": 0 },
					"end": { "line": 10, "column": 1 }
				},
				"loc": {
					"start": { "line": 4, "column": 0 },
					"end": { "line": 10, "column": 1 }
				},
				"line": 4
			}
		},
		"f": { "0": 0 }
	},
	"/Users/ryan/git/lawn-cast/src/pages/SettingsPage.tsx": {
		"path": "/Users/ryan/git/lawn-cast/src/pages/SettingsPage.tsx",
		"all": false,
		"statementMap": {
			"0": {
				"start": { "line": 1, "column": 0 },
				"end": { "line": 1, "column": 50 }
			},
			"1": {
				"start": { "line": 2, "column": 0 },
				"end": { "line": 2, "column": 60 }
			},
			"2": {
				"start": { "line": 3, "column": 0 },
				"end": { "line": 3, "column": 68 }
			},
			"3": {
				"start": { "line": 4, "column": 0 },
				"end": { "line": 4, "column": 62 }
			},
			"4": {
				"start": { "line": 5, "column": 0 },
				"end": { "line": 5, "column": 66 }
			},
			"5": {
				"start": { "line": 6, "column": 0 },
				"end": { "line": 6, "column": 68 }
			},
			"6": {
				"start": { "line": 7, "column": 0 },
				"end": { "line": 7, "column": 64 }
			},
			"8": {
				"start": { "line": 9, "column": 0 },
				"end": { "line": 9, "column": 40 }
			},
			"9": {
				"start": { "line": 10, "column": 0 },
				"end": { "line": 10, "column": 9 }
			},
			"10": {
				"start": { "line": 11, "column": 0 },
				"end": { "line": 11, "column": 73 }
			},
			"11": {
				"start": { "line": 12, "column": 0 },
				"end": { "line": 12, "column": 22 }
			},
			"12": {
				"start": { "line": 13, "column": 0 },
				"end": { "line": 13, "column": 26 }
			},
			"13": {
				"start": { "line": 14, "column": 0 },
				"end": { "line": 14, "column": 23 }
			},
			"14": {
				"start": { "line": 15, "column": 0 },
				"end": { "line": 15, "column": 25 }
			},
			"15": {
				"start": { "line": 16, "column": 0 },
				"end": { "line": 16, "column": 26 }
			},
			"16": {
				"start": { "line": 17, "column": 0 },
				"end": { "line": 17, "column": 24 }
			},
			"17": {
				"start": { "line": 18, "column": 0 },
				"end": { "line": 18, "column": 15 }
			},
			"19": {
				"start": { "line": 20, "column": 0 },
				"end": { "line": 20, "column": 1 }
			}
		},
		"s": {
			"0": 1,
			"1": 1,
			"2": 1,
			"3": 1,
			"4": 1,
			"5": 1,
			"6": 1,
			"8": 6,
			"9": 6,
			"10": 6,
			"11": 6,
			"12": 6,
			"13": 6,
			"14": 6,
			"15": 6,
			"16": 6,
			"17": 6,
			"19": 6
		},
		"branchMap": {
			"0": {
				"type": "branch",
				"line": 9,
				"loc": {
					"start": { "line": 9, "column": 0 },
					"end": { "line": 20, "column": 1 }
				},
				"locations": [
					{
						"start": { "line": 9, "column": 0 },
						"end": { "line": 20, "column": 1 }
					}
				]
			}
		},
		"b": { "0": [6] },
		"fnMap": {
			"0": {
				"name": "SettingsPage",
				"decl": {
					"start": { "line": 9, "column": 0 },
					"end": { "line": 20, "column": 1 }
				},
				"loc": {
					"start": { "line": 9, "column": 0 },
					"end": { "line": 20, "column": 1 }
				},
				"line": 9
			}
		},
		"f": { "0": 6 }
	}
}
